
Analise  de Dados com Kruskal-Wallis para amostras nao parametricas
   algo alfa beta s1h0       tmin  nfo      time
1   DE1  -53    0  0.9 0.02079751 2568 1354.6334
2   DE1  -53    0  0.9 0.02079751 2531 1260.6772
3   DE1  -53    0  0.9 0.02079751 2493 1199.9325
4   DE1  -53    0  0.9 0.02079751 2454 1224.2207
5   DE1  -53    0  0.9 0.02079751 2557 1266.5516
6   DE1  -53    0  0.9 0.02079751 2508 1231.9493
7   DE1  -53    0  0.9 0.02079751 2483 1223.8303
8   DE1  -53    0  0.9 0.02079751 2553 1244.4308
9   DE1  -53    0  0.9 0.02079751 2490 1189.3781
10  DE1  -53    0  0.9 0.02079751 2506 1280.4312
11  DE1  -53    0  0.9 0.02079751 2421 1197.1232
12  DE1  -53    0  0.9 0.02079751 2520 1227.6943
13  DE1  -53    0  0.9 0.02079751 2468 1194.9215
14  DE1  -53    0  0.9 0.02079751 2474 1202.5464
15  DE1  -53    0  0.9 0.02079751 2471 1172.3257
16  DE2  -53    1  0.9 0.02118442 2896 1525.9783
17  DE2  -54   -1  0.9 0.02119056 2832 1415.8117
18  DE2   27   -3  0.1 0.02445647 2889 1432.5530
19  DE2  -53    0  0.9 0.02079751 2541 1250.8254
20  DE2  -53    1  0.9 0.02118442 2899 1467.7674
21  DE2   27   -4  0.1 0.02469166 2918 1446.8115
22  DE2  -53    0  0.9 0.02079751 2529 1305.9236
23  DE2  -53    0  0.9 0.02079751 2539 1256.8838
24  DE2  -53    0  0.9 0.02079751 2547 1250.2988
25  DE2  -53    0  0.9 0.02079751 2557 1276.8405
26  DE2  -53    0  0.9 0.02079751 2525 1250.1115
27  DE2  -53    0  0.9 0.02079751 2471 1229.4923
28  DE2  -53    0  0.9 0.02079751 2582 1270.0955
29  DE2  -53    1  0.9 0.02118442 2914 1328.3133
30  DE2  -53    0  0.9 0.02079751 2573  991.3422
31  DE3  -53    0  0.9 0.02079751 2347 1238.1702
32  DE3  -53    0  0.9 0.02079751 2486 1244.1789
33  DE3  -53    0  0.9 0.02079751 2375 1152.0636
34  DE3  -53    0  0.9 0.02079751 2437 1200.2728
35  DE3  -53    0  0.9 0.02079751 2541 1256.4362
36  DE3  -53    0  0.9 0.02079751 2442 1170.2754
37  DE3  -53    0  0.9 0.02079751 2493 1230.0423
38  DE3  -53    0  0.9 0.02079751 2356 1169.2907
39  DE3  -53    0  0.9 0.02079751 2473 1214.3976
40  DE3  -53    0  0.9 0.02079751 2336 1130.6397
41  DE3  -53    0  0.9 0.02079751 2125 1038.5360
42  DE3  -53    0  0.9 0.02079751 2442 1193.7894
43  DE3  -53    0  0.9 0.02079751 2506 1257.8235
44  DE3  -53    0  0.9 0.02079751 2535 1240.3842
45  DE3  -53    0  0.9 0.02079751 2480 1253.3467
46  DE4  -53    1  0.9 0.02118442 2896 1539.4352
47  DE4  -54   -1  0.9 0.02119056 2832 1408.6582
48  DE4   27   -3  0.1 0.02445647 2902 1420.9802
49  DE4  -53    0  0.9 0.02079751 2541 1208.2030
50  DE4  -53    1  0.9 0.02118442 2899 1395.1476
51  DE4   26   -4  0.1 0.02469166 2921 1420.2478
52  DE4  -53    0  0.9 0.02079751 2529 1238.0249
53  DE4  -53    0  0.9 0.02079751 2539 1239.3388
54  DE4  -53    0  0.9 0.02079751 2547 1236.0031
55  DE4  -53    0  0.9 0.02079751 2557 1232.2308
56  DE4   27   -3  0.1 0.02445647 2849 1399.3616
57  DE4  -53    0  0.9 0.02079751 2471 1202.4638
58  DE4  -53    0  0.9 0.02079751 2582 1221.7645
59  DE4  -53    1  0.9 0.02118442 2914 1357.7874
60  DE4  -53    0  0.9 0.02079751 2573  990.6274

	Shapiro-Wilk normality test

data:  data[[vardata]]
W = 0.31298, p-value = 3.018e-15

Levene's Test for Homogeneity of Variance (center = median)
      Df F value Pr(>F)
group  3  2.0518  0.117
      56               

	Kruskal-Wallis rank sum test

data:  alfa by algo
Kruskal-Wallis chi-squared = 1.6821, df = 3, p-value = 0.6409

Dunn (1964) Kruskal-Wallis multiple comparison
  p-values adjusted with the Benjamini-Hochberg method.

  Comparison          Z   P.unadj     P.adj
1  DE1 - DE2 -0.5909724 0.5545389 0.8318084
2  DE1 - DE3  0.0000000 1.0000000 1.0000000
3  DE2 - DE3  0.5909724 0.5545389 1.0000000
4  DE1 - DE4 -1.0975201 0.2724141 0.8172423
5  DE2 - DE4 -0.5065477 0.6124722 0.7349666
6  DE3 - DE4 -1.0975201 0.2724141 1.0000000
Error : No significant differences.
Além disso: Warning messages:
1: In leveneTest.default(y = y, group = group, ...) :
  group coerced to factor.
2: algo was coerced to a factor. 
