
Analise  de Dados com Kruskal-Wallis para amostras nao parametricas
    algo   a  b       tmin  nfo      time
1   ED11  -7 36 0.02996970  864  902.8034
2   ED11  -7 36 0.02996970  871  902.7047
3   ED11  -7 36 0.02996970  899  912.6251
4   ED11  -7 36 0.02996970  923  931.3700
5   ED11  -7 36 0.02996970  930  935.6839
6   ED11  -7 36 0.02996970  910  923.6030
7   ED11  -7 36 0.02996970  937  945.9234
8   ED11  -7 36 0.02996970  893  904.8305
9   ED11  -7 36 0.02996970  777  790.7880
10  ED11  -7 37 0.03012814  900  910.9864
11  ED11  -7 36 0.02996970  951  963.4838
12  ED11  -7 36 0.02996970  850  857.2051
13  ED11  -7 36 0.02996970  935  946.9376
14  ED11  -7 36 0.02996970  895  909.3047
15  ED11  -7 36 0.02996970  940  951.9181
16  ED11  -7 36 0.02996970  868  880.0337
17  ED11  -7 36 0.02996970  913  925.5254
18  ED11  -7 36 0.02996970  875  890.4565
19  ED11  -8 36 0.03004283  907  928.7445
20  ED11  -7 36 0.02996970  893  905.1705
21  ED11  -7 36 0.02996970  753  761.0081
22  ED11  -7 36 0.02996970  890  910.8036
23  ED11  -7 36 0.02996970  881  894.8078
24  ED11  -7 36 0.02996970  929  952.2245
25  ED11  -7 36 0.02996970  930  947.4077
26  ED11  -7 36 0.02996970  866  878.9685
27  ED11  -7 36 0.02996970  885  788.0105
28  ED11  -7 36 0.02996970  841  694.3324
29  ED11  -7 36 0.02996970  864  719.4025
30  ED11  -7 36 0.02996970  914  757.7692
31  ED21  -7 36 0.02996970  881  925.8478
32  ED21  -6 36 0.03041346  973  994.6479
33  ED21  -7 36 0.02996970  937  945.4376
34  ED21 -11 34 0.03153186  907  904.0308
35  ED21  -8 36 0.03004283  927  922.2255
36  ED21  -7 36 0.02996970  975  980.8936
37  ED21  -7 36 0.02996970  950  963.3633
38  ED21  -8 37 0.03059710  943  961.6803
39  ED21 -12 35 0.03136843  886  900.3330
40  ED21  -7 36 0.02996970  963  976.7208
41  ED21  -7 36 0.02996970  954  966.9376
42  ED21  -7 36 0.02996970  898  912.1933
43  ED21  -8 36 0.03004283  938  953.5137
44  ED21  -7 36 0.02996970  939  959.6833
45  ED21  -7 36 0.02996970  938  951.9807
46  ED21  -7 36 0.02996970  956  970.7972
47  ED21  -7 36 0.02996970  950  965.9122
48  ED21  -7 36 0.02996970  919  930.5763
49  ED21  -6 36 0.03041346  942  960.0165
50  ED21  -7 36 0.02996970  939  949.3314
51  ED21  -6 35 0.03074216  871  881.5881
52  ED21  -8 36 0.03004283  904  922.5395
53  ED21  -7 36 0.02996970  940  965.8974
54  ED21  -3 31 0.03402545  938  962.8841
55  ED21  -6 38 0.03041348  972  982.1900
56  ED21  -7 36 0.02996970  932  804.0865
57  ED21  -7 37 0.03012814  900  763.6667
58  ED21  -7 36 0.02996970  881  738.7179
59  ED21  -6 36 0.03041346  892  697.1185
60  ED21  -7 36 0.02996970  967  489.1304
61  ED31  -7 36 0.02996970  722  755.1896
62  ED31  -8 36 0.03004283  755  784.9425
63  ED31  -7 36 0.02996970  813  827.5993
64  ED31  -7 36 0.02996970  812  823.2439
65  ED31  -7 36 0.02996970  790  795.3089
66  ED31  -8 35 0.03074216  823  829.2584
67  ED31  -7 36 0.02996970  781  784.3778
68  ED31  -7 36 0.02996970  858  869.6279
69  ED31  -7 36 0.02996970  734  750.0604
70  ED31  -8 36 0.03004283  830  834.5750
71  ED31  -7 36 0.02996970  828  841.3047
72  ED31  -7 36 0.02996970  780  784.6014
73  ED31  -7 36 0.02996970  853  855.0562
74  ED31  -6 36 0.03041346  719  722.5784
75  ED31  -6 36 0.03041346  783  787.8489
76  ED31  -6 38 0.03041348  808  818.2184
77  ED31  -8 37 0.03059710  713  722.1495
78  ED31  -6 36 0.03041346  762  771.4533
79  ED31  -7 36 0.02996970  834  837.3828
80  ED31  -6 36 0.03041346  829  838.8673
81  ED31  -7 36 0.02996970  738  752.5683
82  ED31  -7 36 0.02996970  759  770.4353
83  ED31  -8 36 0.03004283  742  747.0168
84  ED31  -7 36 0.02996970  838  844.6915
85  ED31  -7 36 0.02996970  823  829.8824
86  ED31  -7 36 0.02996970  743  753.1385
87  ED31  -7 36 0.02996970  789  803.8137
88  ED31  -8 37 0.03059710  737  754.0612
89  ED31  -7 36 0.02996970  816  826.1780
90  ED31  -8 35 0.03074216  734  738.9283
91  ED41  -7 36 0.02996970  884  923.6285
92  ED41  -7 36 0.02996970  952  974.9812
93  ED41  -7 36 0.02996970  928  930.5034
94  ED41  -7 36 0.02996970  855  861.0301
95  ED41  -7 36 0.02996970  946  946.8615
96  ED41  -7 36 0.02996970  952  957.2747
97  ED41  -7 36 0.02996970  934  935.9817
98  ED41  -7 36 0.02996970  909  920.6287
99  ED41  -7 36 0.02996970  873  885.5119
100 ED41  -7 36 0.02996970  914  920.9470
101 ED41  -7 37 0.03012814  919  928.9124
102 ED41  -7 36 0.02996970  851  858.5135
103 ED41  -7 36 0.02996970  921  931.4880
104 ED41  -7 36 0.02996970  918  921.0271
105 ED41  -7 36 0.02996970  925  937.8927
106 ED41  -7 36 0.02996970  950  964.9974
107 ED41  -7 36 0.02996970  927  935.5215
108 ED41  -7 36 0.02996970  854  864.8605
109 ED41  -7 36 0.02996970  955  976.0659
110 ED41  -7 36 0.02996970  943  954.3555
111 ED41  -7 36 0.02996970  904  914.9926
112 ED41  -7 36 0.02996970  864  876.2227
113 ED41  -7 36 0.02996970  923  939.1278
114 ED41  -7 36 0.02996970  903  922.5224
115 ED41  -7 36 0.02996970  939  946.8345
116 ED41  -7 36 0.02996970  901  876.5261
117 ED41  -7 36 0.02996970  896  750.0652
118 ED41  -7 36 0.02996970  870  722.9635
119 ED41  -7 36 0.02996970  914  768.4225
120 ED41  -7 36 0.02996970  961  693.2519
121 ED12  -7 36 0.02996970  951  495.9711
122 ED12  -7 36 0.02996970  956 1002.2858
123 ED12  -7 36 0.02996970  970  979.1765
124 ED12  -7 36 0.02996970  980  988.8677
125 ED12  -7 36 0.02996970  989  990.6799
126 ED12  -7 36 0.02996970  981  985.9429
127 ED12  -7 36 0.02996970  983  992.1053
128 ED12  -7 36 0.02996970  946  957.8710
129 ED12  -7 36 0.02996970  910  921.3158
130 ED12  -7 36 0.02996970  960  966.8340
131 ED12  -7 36 0.02996970  968  980.7278
132 ED12  -7 36 0.02996970  975  987.0496
133 ED12  -7 36 0.02996970  994 1016.7050
134 ED12  -7 36 0.02996970  966  982.7198
135 ED12  -7 36 0.02996970  964  981.6849
136 ED12  -7 36 0.02996970  923  934.4783
137 ED12  -7 36 0.02996970  973  983.6968
138 ED12  -7 36 0.02996970  942  955.6422
139 ED12  -7 36 0.02996970  976  994.7006
140 ED12  -7 36 0.02996970  972  978.4479
141 ED12  -7 36 0.02996970  928  941.2213
142 ED12  -7 36 0.02996970  951  965.8775
143 ED12  -7 36 0.02996970  957  974.0198
144 ED12  -7 36 0.02996970  960  976.5978
145 ED12  -7 36 0.02996970 1002 1017.4837
146 ED12  -7 36 0.02996970  939  826.1200
147 ED12  -7 36 0.02996970  939  775.8749
148 ED12  -7 36 0.02996970  916  756.3443
149 ED12  -7 36 0.02996970  981  765.4804
150 ED12  -7 36 0.02996970  968  490.1028
151 ED22  -7 36 0.02996970  997  561.6944
152 ED22  -6 38 0.03041348  995 1021.1928
153 ED22  -7 36 0.02996970  982  996.1105
154 ED22  -7 36 0.02996970  980  995.0204
155 ED22  -7 36 0.02996970 1005 1012.0179
156 ED22  -7 36 0.02996970 1005 1019.4281
157 ED22  -8 36 0.03004283  998 1011.4711
158 ED22  -7 36 0.02996970  997 1011.1749
159 ED22  -7 36 0.02996970  961  977.5377
160 ED22  -7 36 0.02996970 1005 1024.5703
161 ED22  -7 36 0.02996970  998 1009.4610
162 ED22  -7 36 0.02996970  967  983.7326
163 ED22  -7 36 0.02996970  998 1017.3600
164 ED22  -7 36 0.02996970  990 1013.6725
165 ED22  -7 36 0.02996970  997 1019.7040
166 ED22  -7 36 0.02996970  986 1004.3751
 [ reached 'max' / getOption("max.print") -- omitted 314 rows ]
     algo                 a                 b              tmin              nfo        
 Length:480         Min.   :-12.000   Min.   :30.00   Min.   :0.02997   Min.   : 587.0  
 Class :character   1st Qu.: -7.000   1st Qu.:36.00   1st Qu.:0.02997   1st Qu.: 893.0  
 Mode  :character   Median : -7.000   Median :36.00   Median :0.02997   Median : 939.0  
                    Mean   : -7.104   Mean   :36.02   Mean   :0.03009   Mean   : 919.3  
                    3rd Qu.: -7.000   3rd Qu.:36.00   3rd Qu.:0.02997   3rd Qu.: 975.0  
                    Max.   : -3.000   Max.   :39.00   Max.   :0.03490   Max.   :1010.0  
      time       
 Min.   : 387.5  
 1st Qu.: 810.2  
 Median : 935.6  
 Mean   : 886.1  
 3rd Qu.: 991.6  
 Max.   :1079.2  

	Shapiro-Wilk normality test

data:  data[[vardata]]
W = 0.55852, p-value < 2.2e-16

Error in shapiro.test(dtdeb1[[vardata]]) : all 'x' values are identical

	Shapiro-Wilk normality test

data:  dtded1[[vardata]]
W = 0.27538, p-value = 4.402e-11


	Shapiro-Wilk normality test

data:  dtdeb2[[vardata]]
W = 0.34726, p-value = 1.803e-10


	Shapiro-Wilk normality test

data:  dtded2[[vardata]]
W = 0.80786, p-value = 9.149e-05


	Shapiro-Wilk normality test

data:  dtdea3[[vardata]]
W = 0.78515, p-value = 3.557e-05


	Shapiro-Wilk normality test

data:  dtdec3[[vardata]]
W = 0.88339, p-value = 0.003377

Error in shapiro.test(dtdea4[[vardata]]) : all 'x' values are identical

	Shapiro-Wilk normality test

data:  dtdec4[[vardata]]
W = 0.34671, p-value = 1.783e-10

Warning message:
In leveneTest.default(y = y, group = group, ...) : group coerced to factor.
Levene's Test for Homogeneity of Variance (center = median)
       Df F value    Pr(>F)    
group  15  10.597 < 2.2e-16 ***
      464                      
---
Signif. codes:  0 ‘***’ 0.001 ‘**’ 0.01 ‘*’ 0.05 ‘.’ 0.1 ‘ ’ 1

	Kruskal-Wallis rank sum test

data:  a by algo
Kruskal-Wallis chi-squared = 24.964, df = 15, p-value = 0.05043

Warning message:
algo was coerced to a factor. 
Dunn (1964) Kruskal-Wallis multiple comparison
  p-values adjusted with the Benjamini-Hochberg method.

     Comparison           Z    P.unadj     P.adj
1   ED11 - ED12 -0.28951160 0.77218990 1.0000000
2   ED11 - ED13  0.28951160 0.77218990 1.0000000
3   ED12 - ED13  0.57902320 0.56257352 1.0000000
4   ED11 - ED14  0.28951160 0.77218990 1.0000000
5   ED12 - ED14  0.57902320 0.56257352 1.0000000
6   ED13 - ED14  0.00000000 1.00000000 1.0000000
7   ED11 - ED21 -0.12474348 0.90072664 1.0000000
8   ED12 - ED21  0.16476812 0.86912650 1.0000000
9   ED13 - ED21 -0.41425508 0.67868731 1.0000000
10  ED14 - ED21 -0.41425508 0.67868731 1.0000000
11  ED11 - ED22 -0.27483590 0.78344232 1.0000000
12  ED12 - ED22  0.01467570 0.98829090 1.0000000
13  ED13 - ED22 -0.56434750 0.57251766 0.9956829
14  ED14 - ED22 -0.56434750 0.57251766 1.0000000
15  ED21 - ED22 -0.15009242 0.88069170 1.0000000
16  ED11 - ED23 -0.36289012 0.71668697 1.0000000
17  ED12 - ED23 -0.07337852 0.94150491 1.0000000
18  ED13 - ED23 -0.65240172 0.51414206 1.0000000
19  ED14 - ED23 -0.65240172 0.51414206 1.0000000
20  ED21 - ED23 -0.23814664 0.81176736 1.0000000
21  ED22 - ED23 -0.08805422 0.92983358 1.0000000
22  ED11 - ED24  2.11396834 0.03451797 0.1593137
23  ED12 - ED24  2.40347994 0.01623986 0.1771621
24  ED13 - ED24  1.82445674 0.06808305 0.2635473
25  ED14 - ED24  1.82445674 0.06808305 0.2723322
26  ED21 - ED24  2.23871182 0.02517467 0.1313461
27  ED22 - ED24  2.38880424 0.01690331 0.1352265
28  ED23 - ED24  2.47685846 0.01325445 0.7952667
29  ED11 - ED31  0.36289012 0.71668697 1.0000000
30  ED12 - ED31  0.65240172 0.51414206 1.0000000
31  ED13 - ED31  0.07337852 0.94150491 1.0000000
32  ED14 - ED31  0.07337852 0.94150491 1.0000000
33  ED21 - ED31  0.48763359 0.62580940 1.0000000
34  ED22 - ED31  0.63772601 0.52365205 1.0000000
35  ED23 - ED31  0.72578023 0.46797351 1.0000000
36  ED24 - ED31 -1.75107823 0.07993244 0.2740541
37  ED11 - ED32 -0.28951160 0.77218990 1.0000000
38  ED12 - ED32  0.00000000 1.00000000 1.0000000
39  ED13 - ED32 -0.57902320 0.56257352 1.0000000
40  ED14 - ED32 -0.57902320 0.56257352 1.0000000
41  ED21 - ED32 -0.16476812 0.86912650 1.0000000
42  ED22 - ED32 -0.01467570 0.98829090 1.0000000
43  ED23 - ED32  0.07337852 0.94150491 1.0000000
44  ED24 - ED32 -2.40347994 0.01623986 0.1948783
45  ED31 - ED32 -0.65240172 0.51414206 1.0000000
46  ED11 - ED33  2.06060215 0.03934101 0.1748489
47  ED12 - ED33  2.35011375 0.01876767 0.1185327
48  ED13 - ED33  1.77109055 0.07654565 0.2783478
49  ED14 - ED33  1.77109055 0.07654565 0.2870462
50  ED21 - ED33  2.18534563 0.02886351 0.1443176
51  ED22 - ED33  2.33543805 0.01952055 0.1115460
52  ED23 - ED33  2.42349226 0.01537208 0.6148832
53  ED24 - ED33 -0.05336619 0.95744014 1.0000000
54  ED31 - ED33  1.69771203 0.08956213 0.2985404
55  ED32 - ED33  2.35011375 0.01876767 0.1251178
56  ED11 - ED34 -0.28951160 0.77218990 1.0000000
57  ED12 - ED34  0.00000000 1.00000000 1.0000000
58  ED13 - ED34 -0.57902320 0.56257352 1.0000000
59  ED14 - ED34 -0.57902320 0.56257352 1.0000000
60  ED21 - ED34 -0.16476812 0.86912650 1.0000000
61  ED22 - ED34 -0.01467570 0.98829090 1.0000000
62  ED23 - ED34  0.07337852 0.94150491 1.0000000
63  ED24 - ED34 -2.40347994 0.01623986 0.2165314
64  ED31 - ED34 -0.65240172 0.51414206 1.0000000
65  ED32 - ED34  0.00000000 1.00000000 1.0000000
66  ED33 - ED34 -2.35011375 0.01876767 0.1324777
67  ED11 - ED41 -0.28951160 0.77218990 1.0000000
68  ED12 - ED41  0.00000000 1.00000000 1.0000000
69  ED13 - ED41 -0.57902320 0.56257352 1.0000000
70  ED14 - ED41 -0.57902320 0.56257352 1.0000000
71  ED21 - ED41 -0.16476812 0.86912650 1.0000000
72  ED22 - ED41 -0.01467570 0.98829090 1.0000000
73  ED23 - ED41  0.07337852 0.94150491 1.0000000
74  ED24 - ED41 -2.40347994 0.01623986 0.2435979
75  ED31 - ED41 -0.65240172 0.51414206 1.0000000
76  ED32 - ED41  0.00000000 1.00000000 1.0000000
77  ED33 - ED41 -2.35011375 0.01876767 0.1407576
78  ED34 - ED41  0.00000000 1.00000000 1.0000000
79  ED11 - ED42 -0.27483590 0.78344232 1.0000000
80  ED12 - ED42  0.01467570 0.98829090 1.0000000
81  ED13 - ED42 -0.56434750 0.57251766 1.0000000
82  ED14 - ED42 -0.56434750 0.57251766 1.0000000
83  ED21 - ED42 -0.15009242 0.88069170 1.0000000
84  ED22 - ED42  0.00000000 1.00000000 1.0000000
85  ED23 - ED42  0.08805422 0.92983358 1.0000000
86  ED24 - ED42 -2.38880424 0.01690331 0.1448855
87  ED31 - ED42 -0.63772601 0.52365205 1.0000000
88  ED32 - ED42  0.01467570 0.98829090 1.0000000
89  ED33 - ED42 -2.33543805 0.01952055 0.1171233
90  ED34 - ED42  0.01467570 0.98829090 1.0000000
91  ED41 - ED42  0.01467570 0.98829090 1.0000000
92  ED11 - ED43  0.57902320 0.56257352 1.0000000
93  ED12 - ED43  0.86853480 0.38510163 1.0000000
94  ED13 - ED43  0.28951160 0.77218990 1.0000000
95  ED14 - ED43  0.28951160 0.77218990 1.0000000
96  ED21 - ED43  0.70376668 0.48157809 1.0000000
97  ED22 - ED43  0.85385910 0.39318307 1.0000000
98  ED23 - ED43  0.94191332 0.34623702 1.0000000
99  ED24 - ED43 -1.53494514 0.12479730 0.3940967
100 ED31 - ED43  0.21613308 0.82888401 1.0000000
101 ED32 - ED43  0.86853480 0.38510163 1.0000000
102 ED33 - ED43 -1.48157895 0.13845236 0.4260073
103 ED34 - ED43  0.86853480 0.38510163 1.0000000
104 ED41 - ED43  0.86853480 0.38510163 1.0000000
105 ED42 - ED43  0.85385910 0.39318307 1.0000000
106 ED11 - ED44  2.11396834 0.03451797 0.1656863
107 ED12 - ED44  2.40347994 0.01623986 0.2783976
108 ED13 - ED44  1.82445674 0.06808305 0.2817230
109 ED14 - ED44  1.82445674 0.06808305 0.2917845
110 ED21 - ED44  2.23871182 0.02517467 0.1373164
111 ED22 - ED44  2.38880424 0.01690331 0.1560305
112 ED23 - ED44  2.47685846 0.01325445 1.0000000
113 ED24 - ED44  0.00000000 1.00000000 1.0000000
114 ED31 - ED44  1.75107823 0.07993244 0.2821145
115 ED32 - ED44  2.40347994 0.01623986 0.3247972
116 ED33 - ED44  0.05336619 0.95744014 1.0000000
117 ED34 - ED44  2.40347994 0.01623986 0.3897566
118 ED41 - ED44  2.40347994 0.01623986 0.4871957
119 ED42 - ED44  2.38880424 0.01690331 0.1690331
120 ED43 - ED44  1.53494514 0.12479730 0.4047480
Error : No significant differences.
