
Analise  de Dados com Kruskal-Wallis para amostras nao parametricas
    algo  a  b       tmin  nfo     time
1   ED11 -7 36 0.02996970 1347 1406.697
2   ED11 -7 36 0.02996970 1340 1547.261
3   ED11 -7 36 0.02996970 1345 1539.384
4   ED11 -7 36 0.02996970 1341 1527.797
5   ED11 -7 36 0.02996970 1324 1504.143
6   ED11 -7 36 0.02996970 1382 1574.543
7   ED11 -7 36 0.02996970 1338 1530.429
8   ED11 -7 36 0.02996970 1387 1576.932
9   ED11 -7 36 0.02996970 1337 1511.794
10  ED11 -7 36 0.02996970 1342 1554.425
11  ED11 -7 36 0.02996970 1398 1621.911
12  ED11 -7 36 0.02996970 1340 1546.166
13  ED11 -7 36 0.02996970 1365 1581.400
14  ED11 -7 36 0.02996970 1331 1564.392
15  ED11 -7 36 0.02996970 1432 1726.416
16  ED11 -7 36 0.02996970 1327 1612.687
17  ED11 -7 36 0.02996970 1319 1599.450
18  ED11 -7 36 0.02996970 1312 1619.054
19  ED11 -7 36 0.02996970 1266 1538.390
20  ED11 -7 36 0.02996970 1344 1626.759
21  ED11 -7 36 0.02996970 1360 1628.631
22  ED11 -7 36 0.02996970 1377 1647.407
23  ED11 -7 36 0.02996970 1334 1343.137
24  ED11 -7 36 0.02996970 1351 1337.249
25  ED11 -7 36 0.02996970 1429 1417.211
26  ED11 -7 36 0.02996970 1283 1257.257
27  ED11 -7 36 0.02996970 1321 1159.991
28  ED11 -7 36 0.02996970 1312 1114.266
29  ED11 -7 36 0.02996970 1410 1218.419
30  ED11 -7 36 0.02996970 1341 1158.502
31  ED21 -7 36 0.02996970 1390 1457.306
32  ED21 -7 36 0.02996970 1414 1635.668
33  ED21 -7 36 0.02996970 1388 1592.316
34  ED21 -7 36 0.02996970 1381 1591.154
35  ED21 -7 36 0.02996970 1422 1626.402
36  ED21 -7 36 0.02996970 1414 1612.777
37  ED21 -7 36 0.02996970 1410 1615.965
38  ED21 -7 36 0.02996970 1402 1588.927
39  ED21 -7 36 0.02996970 1391 1587.855
40  ED21 -7 36 0.02996970 1421 1636.744
41  ED21 -7 36 0.02996970 1404 1624.349
42  ED21 -7 36 0.02996970 1427 1646.491
43  ED21 -7 36 0.02996970 1417 1640.733
44  ED21 -7 36 0.02996970 1367 1636.640
45  ED21 -7 36 0.02996970 1437 1731.151
46  ED21 -7 36 0.02996970 1400 1681.582
47  ED21 -7 36 0.02996970 1409 1717.088
48  ED21 -7 36 0.02996970 1416 1728.921
49  ED21 -7 36 0.02996970 1360 1645.920
50  ED21 -7 36 0.02996970 1388 1646.830
51  ED21 -7 36 0.02996970 1426 1709.174
52  ED21 -8 33 0.03234123 1398 1687.102
53  ED21 -8 36 0.03004283 1429 1742.181
54  ED21 -7 36 0.02996970 1395 1700.778
55  ED21 -7 36 0.02996970 1474 1579.725
56  ED21 -7 36 0.02996970 1402 1371.241
57  ED21 -7 36 0.02996970 1300 1291.612
58  ED21 -7 36 0.02996970 1390 1283.654
59  ED21 -7 36 0.02996970 1407 1128.302
60  ED21 -7 36 0.02996970 1400  848.504
61  ED31 -8 36 0.03004283 1174 1184.449
62  ED31 -7 37 0.03012814 1119 1303.553
63  ED31 -6 37 0.03041348 1088 1240.454
64  ED31 -7 36 0.02996970 1095 1246.428
65  ED31 -7 37 0.03012814 1148 1305.943
66  ED31 -8 36 0.03004283 1182 1329.816
67  ED31 -6 38 0.03041348 1136 1288.595
68  ED31 -7 36 0.02996970 1181 1341.612
69  ED31 -7 36 0.02996970 1155 1309.648
70  ED31 -7 36 0.02996970 1147 1289.043
71  ED31 -7 36 0.02996970 1172 1326.217
72  ED31 -7 36 0.02996970 1221 1404.749
73  ED31 -6 36 0.03041346 1230 1409.044
74  ED31 -7 36 0.02996970 1141 1306.452
75  ED31 -7 36 0.02996970 1181 1350.628
76  ED31 -8 37 0.03059710 1105 1272.834
77  ED31 -8 36 0.03004283 1067 1274.826
78  ED31 -8 37 0.03059710 1066 1271.793
79  ED31 -7 36 0.02996970 1139 1376.990
80  ED31 -8 36 0.03004283 1169 1407.423
81  ED31 -6 38 0.03041348 1159 1418.247
82  ED31 -7 36 0.02996970 1152 1398.445
83  ED31 -6 36 0.03041346 1221 1474.264
84  ED31 -8 37 0.03059710 1121 1338.246
85  ED31 -7 36 0.02996970 1298 1552.671
86  ED31 -7 36 0.02996970 1123 1333.165
87  ED31 -7 37 0.03012814 1068 1286.676
88  ED31 -6 38 0.03041348 1125 1369.826
89  ED31 -8 36 0.03004283 1219 1489.930
90  ED31 -7 36 0.02996970 1196 1430.281
91  ED41 -7 36 0.02996970 1334 1379.880
92  ED41 -7 36 0.02996970 1379 1589.081
93  ED41 -7 36 0.02996970 1384 1566.046
94  ED41 -7 36 0.02996970 1308 1480.630
95  ED41 -7 36 0.02996970 1366 1555.005
96  ED41 -7 36 0.02996970 1416 1607.855
97  ED41 -7 36 0.02996970 1387 1581.737
98  ED41 -7 36 0.02996970 1408 1597.803
99  ED41 -7 36 0.02996970 1350 1521.661
100 ED41 -7 36 0.02996970 1402 1602.509
101 ED41 -7 36 0.02996970 1381 1579.166
102 ED41 -7 36 0.02996970 1315 1506.141
103 ED41 -7 36 0.02996970 1444 1659.308
104 ED41 -7 36 0.02996970 1327 1569.529
105 ED41 -7 36 0.02996970 1390 1660.900
106 ED41 -7 36 0.02996970 1361 1656.284
107 ED41 -7 36 0.02996970 1366 1654.719
108 ED41 -7 36 0.02996970 1354 1662.173
109 ED41 -7 36 0.02996970 1318 1577.066
110 ED41 -7 36 0.02996970 1369 1646.720
111 ED41 -7 36 0.02996970 1366 1633.864
112 ED41 -7 36 0.02996970 1412 1674.155
113 ED41 -7 36 0.02996970 1447 1749.986
114 ED41 -7 36 0.02996970 1330 1620.551
115 ED41 -7 36 0.02996970 1462 1757.317
116 ED41 -7 36 0.02996970 1380 1377.617
117 ED41 -7 36 0.02996970 1297 1259.241
118 ED41 -7 36 0.02996970 1343 1332.811
119 ED41 -7 36 0.02996970 1385 1195.025
120 ED41 -7 36 0.02996970 1424 1142.041
121 ED13 -7 36 0.02996970 1324 1202.489
122 ED13 -7 36 0.02996970 1315 1375.958
123 ED13 -7 36 0.02996970 1378 1423.953
124 ED13 -7 36 0.02996970 1326 1373.171
125 ED13 -7 36 0.02996970 1337 1392.750
126 ED13 -7 36 0.02996970 1298 1344.619
127 ED13 -7 36 0.02996970 1348 1405.178
128 ED13 -7 36 0.02996970 1373 1417.557
129 ED13 -7 36 0.02996970 1329 1387.832
130 ED13 -7 36 0.02996970 1273 1341.070
131 ED13 -7 36 0.02996970 1391 1447.292
132 ED13 -7 36 0.02996970 1305 1357.131
133 ED13 -7 36 0.02996970 1350 1401.976
134 ED13 -7 36 0.02996970 1344 1383.837
135 ED13 -7 36 0.02996970 1410 1457.401
136 ED13 -7 36 0.02996970 1284 1333.446
137 ED13 -8 36 0.03004283 1349 1395.860
138 ED13 -7 36 0.02996970 1255 1311.423
139 ED13 -7 36 0.02996970 1221 1273.987
140 ED13 -7 36 0.02996970 1257 1312.747
141 ED13 -7 36 0.02996970 1287 1341.636
142 ED13 -7 36 0.02996970 1324 1374.998
143 ED13 -7 36 0.02996970 1365 1423.762
144 ED13 -7 36 0.02996970 1310 1373.703
145 ED13 -7 36 0.02996970 1391 1455.625
146 ED13 -7 36 0.02996970 1350 1215.996
147 ED13 -7 36 0.02996970 1305 1126.976
148 ED13 -7 36 0.02996970 1266 1095.884
149 ED13 -7 36 0.02996970 1364 1177.236
150 ED13 -7 36 0.02996970 1295 1117.794
151 ED23 -7 36 0.02996970 1438 1338.545
152 ED23 -7 36 0.02996970 1428 1486.879
153 ED23 -7 36 0.02996970 1363 1406.026
154 ED23 -6 38 0.03041348 1365 1392.377
155 ED23 -7 36 0.02996970 1429 1482.001
156 ED23 -7 36 0.02996970 1386 1422.461
157 ED23 -7 36 0.02996970 1412 1463.150
158 ED23 -7 36 0.02996970 1416 1464.603
159 ED23 -7 36 0.02996970 1392 1472.389
160 ED23 -7 36 0.02996970 1350 1421.379
161 ED23 -7 36 0.02996970 1402 1458.451
162 ED23 -8 36 0.03004283 1356 1419.787
163 ED23 -7 36 0.02996970 1415 1470.819
164 ED23 -7 36 0.02996970 1320 1363.778
165 ED23 -7 37 0.03012814 1435 1487.350
166 ED23 -7 36 0.02996970 1376 1432.239
 [ reached 'max' / getOption("max.print") -- omitted 74 rows ]
     algo                 a                b             tmin              nfo            time       
 Length:240         Min.   :-8.000   Min.   :33.0   Min.   :0.02997   Min.   : 927   Min.   : 810.1  
 Class :character   1st Qu.:-7.000   1st Qu.:36.0   1st Qu.:0.02997   1st Qu.:1256   1st Qu.:1272.6  
 Mode  :character   Median :-7.000   Median :36.0   Median :0.02997   Median :1346   Median :1404.4  
                    Mean   :-6.996   Mean   :36.1   Mean   :0.03004   Mean   :1309   Mean   :1395.4  
                    3rd Qu.:-7.000   3rd Qu.:36.0   3rd Qu.:0.02997   3rd Qu.:1390   3rd Qu.:1546.4  
                    Max.   :-6.000   Max.   :38.0   Max.   :0.03234   Max.   :1474   Max.   :1757.3  

	Shapiro-Wilk normality test

data:  data[[vardata]]
W = 0.3589, p-value < 2.2e-16

Warning message:
In leveneTest.default(y = y, group = group, ...) : group coerced to factor.
Levene's Test for Homogeneity of Variance (center = median)
       Df F value    Pr(>F)    
group   7  7.4806 4.048e-08 ***
      232                      
---
Signif. codes:  0 ‘***’ 0.001 ‘**’ 0.01 ‘*’ 0.05 ‘.’ 0.1 ‘ ’ 1

	Kruskal-Wallis rank sum test

data:  tmin by algo
Kruskal-Wallis chi-squared = 100.66, df = 7, p-value < 2.2e-16

Warning message:
algo was coerced to a factor. 
Dunn (1964) Kruskal-Wallis multiple comparison
  p-values adjusted with the Benjamini-Hochberg method.

    Comparison          Z      P.unadj        P.adj
1  ED11 - ED13 -0.2816163 7.782377e-01 8.716263e-01
2  ED11 - ED21 -0.6674848 5.044625e-01 6.726167e-01
3  ED13 - ED21 -0.3858685 6.995941e-01 8.903924e-01
4  ED11 - ED23 -1.8630002 6.246224e-02 1.165962e-01
5  ED13 - ED23 -1.5813839 1.137903e-01 1.991330e-01
6  ED21 - ED23 -1.1955154 2.318857e-01 3.819294e-01
7  ED11 - ED31 -5.5064111 3.662227e-08 1.281780e-07
8  ED13 - ED31 -5.2247948 1.743483e-07 5.424170e-07
9  ED21 - ED31 -4.8389263 1.305424e-06 3.655188e-06
10 ED23 - ED31 -3.6434109 2.690488e-04 6.277804e-04
11 ED11 - ED33 -6.6288146 3.383933e-11 3.158338e-10
12 ED13 - ED33 -6.3471983 2.192715e-10 1.534900e-09
13 ED21 - ED33 -5.9613298 2.501935e-09 1.401083e-08
14 ED23 - ED33 -4.7658144 1.880923e-06 4.787805e-06
15 ED31 - ED33 -1.1224034 2.616909e-01 4.070748e-01
16 ED11 - ED41  0.0000000 1.000000e+00 1.000000e+00
17 ED13 - ED41  0.2816163 7.782377e-01 9.079440e-01
18 ED21 - ED41  0.6674848 5.044625e-01 7.062475e-01
19 ED23 - ED41  1.8630002 6.246224e-02 1.249245e-01
20 ED31 - ED41  5.5064111 3.662227e-08 1.464891e-07
21 ED33 - ED41  6.6288146 3.383933e-11 4.737507e-10
22 ED11 - ED43  0.0000000 1.000000e+00 1.000000e+00
23 ED13 - ED43  0.2816163 7.782377e-01 9.474199e-01
24 ED21 - ED43  0.6674848 5.044625e-01 7.434184e-01
25 ED23 - ED43  1.8630002 6.246224e-02 1.345341e-01
26 ED31 - ED43  5.5064111 3.662227e-08 1.709039e-07
27 ED33 - ED43  6.6288146 3.383933e-11 9.475014e-10
28 ED41 - ED43  0.0000000 1.000000e+00 1.000000e+00
  Group Letter MonoLetter
1  ED11      a         a 
2  ED13      a         a 
3  ED21      a         a 
4  ED23      a         a 
5  ED31      b          b
6  ED33      b          b
7  ED41      a         a 
8  ED43      a         a 
