
Analise  de Dados com Kruskal-Wallis para amostras nao parametricas
    algo   a  b       tmin  nfo      time
1   ED11  -7 36 0.02996970  864  902.8034
2   ED11  -7 36 0.02996970  871  902.7047
3   ED11  -7 36 0.02996970  899  912.6251
4   ED11  -7 36 0.02996970  923  931.3700
5   ED11  -7 36 0.02996970  930  935.6839
6   ED11  -7 36 0.02996970  910  923.6030
7   ED11  -7 36 0.02996970  937  945.9234
8   ED11  -7 36 0.02996970  893  904.8305
9   ED11  -7 36 0.02996970  777  790.7880
10  ED11  -7 37 0.03012814  900  910.9864
11  ED11  -7 36 0.02996970  951  963.4838
12  ED11  -7 36 0.02996970  850  857.2051
13  ED11  -7 36 0.02996970  935  946.9376
14  ED11  -7 36 0.02996970  895  909.3047
15  ED11  -7 36 0.02996970  940  951.9181
16  ED11  -7 36 0.02996970  868  880.0337
17  ED11  -7 36 0.02996970  913  925.5254
18  ED11  -7 36 0.02996970  875  890.4565
19  ED11  -8 36 0.03004283  907  928.7445
20  ED11  -7 36 0.02996970  893  905.1705
21  ED11  -7 36 0.02996970  753  761.0081
22  ED11  -7 36 0.02996970  890  910.8036
23  ED11  -7 36 0.02996970  881  894.8078
24  ED11  -7 36 0.02996970  929  952.2245
25  ED11  -7 36 0.02996970  930  947.4077
26  ED11  -7 36 0.02996970  866  878.9685
27  ED11  -7 36 0.02996970  885  788.0105
28  ED11  -7 36 0.02996970  841  694.3324
29  ED11  -7 36 0.02996970  864  719.4025
30  ED11  -7 36 0.02996970  914  757.7692
31  ED21  -7 36 0.02996970  881  925.8478
32  ED21  -6 36 0.03041346  973  994.6479
33  ED21  -7 36 0.02996970  937  945.4376
34  ED21 -11 34 0.03153186  907  904.0308
35  ED21  -8 36 0.03004283  927  922.2255
36  ED21  -7 36 0.02996970  975  980.8936
37  ED21  -7 36 0.02996970  950  963.3633
38  ED21  -8 37 0.03059710  943  961.6803
39  ED21 -12 35 0.03136843  886  900.3330
40  ED21  -7 36 0.02996970  963  976.7208
41  ED21  -7 36 0.02996970  954  966.9376
42  ED21  -7 36 0.02996970  898  912.1933
43  ED21  -8 36 0.03004283  938  953.5137
44  ED21  -7 36 0.02996970  939  959.6833
45  ED21  -7 36 0.02996970  938  951.9807
46  ED21  -7 36 0.02996970  956  970.7972
47  ED21  -7 36 0.02996970  950  965.9122
48  ED21  -7 36 0.02996970  919  930.5763
49  ED21  -6 36 0.03041346  942  960.0165
50  ED21  -7 36 0.02996970  939  949.3314
51  ED21  -6 35 0.03074216  871  881.5881
52  ED21  -8 36 0.03004283  904  922.5395
53  ED21  -7 36 0.02996970  940  965.8974
54  ED21  -3 31 0.03402545  938  962.8841
55  ED21  -6 38 0.03041348  972  982.1900
56  ED21  -7 36 0.02996970  932  804.0865
57  ED21  -7 37 0.03012814  900  763.6667
58  ED21  -7 36 0.02996970  881  738.7179
59  ED21  -6 36 0.03041346  892  697.1185
60  ED21  -7 36 0.02996970  967  489.1304
61  ED31  -7 36 0.02996970  722  755.1896
62  ED31  -8 36 0.03004283  755  784.9425
63  ED31  -7 36 0.02996970  813  827.5993
64  ED31  -7 36 0.02996970  812  823.2439
65  ED31  -7 36 0.02996970  790  795.3089
66  ED31  -8 35 0.03074216  823  829.2584
67  ED31  -7 36 0.02996970  781  784.3778
68  ED31  -7 36 0.02996970  858  869.6279
69  ED31  -7 36 0.02996970  734  750.0604
70  ED31  -8 36 0.03004283  830  834.5750
71  ED31  -7 36 0.02996970  828  841.3047
72  ED31  -7 36 0.02996970  780  784.6014
73  ED31  -7 36 0.02996970  853  855.0562
74  ED31  -6 36 0.03041346  719  722.5784
75  ED31  -6 36 0.03041346  783  787.8489
76  ED31  -6 38 0.03041348  808  818.2184
77  ED31  -8 37 0.03059710  713  722.1495
78  ED31  -6 36 0.03041346  762  771.4533
79  ED31  -7 36 0.02996970  834  837.3828
80  ED31  -6 36 0.03041346  829  838.8673
81  ED31  -7 36 0.02996970  738  752.5683
82  ED31  -7 36 0.02996970  759  770.4353
83  ED31  -8 36 0.03004283  742  747.0168
84  ED31  -7 36 0.02996970  838  844.6915
85  ED31  -7 36 0.02996970  823  829.8824
86  ED31  -7 36 0.02996970  743  753.1385
87  ED31  -7 36 0.02996970  789  803.8137
88  ED31  -8 37 0.03059710  737  754.0612
89  ED31  -7 36 0.02996970  816  826.1780
90  ED31  -8 35 0.03074216  734  738.9283
91  ED41  -7 36 0.02996970  884  923.6285
92  ED41  -7 36 0.02996970  952  974.9812
93  ED41  -7 36 0.02996970  928  930.5034
94  ED41  -7 36 0.02996970  855  861.0301
95  ED41  -7 36 0.02996970  946  946.8615
96  ED41  -7 36 0.02996970  952  957.2747
97  ED41  -7 36 0.02996970  934  935.9817
98  ED41  -7 36 0.02996970  909  920.6287
99  ED41  -7 36 0.02996970  873  885.5119
100 ED41  -7 36 0.02996970  914  920.9470
101 ED41  -7 37 0.03012814  919  928.9124
102 ED41  -7 36 0.02996970  851  858.5135
103 ED41  -7 36 0.02996970  921  931.4880
104 ED41  -7 36 0.02996970  918  921.0271
105 ED41  -7 36 0.02996970  925  937.8927
106 ED41  -7 36 0.02996970  950  964.9974
107 ED41  -7 36 0.02996970  927  935.5215
108 ED41  -7 36 0.02996970  854  864.8605
109 ED41  -7 36 0.02996970  955  976.0659
110 ED41  -7 36 0.02996970  943  954.3555
111 ED41  -7 36 0.02996970  904  914.9926
112 ED41  -7 36 0.02996970  864  876.2227
113 ED41  -7 36 0.02996970  923  939.1278
114 ED41  -7 36 0.02996970  903  922.5224
115 ED41  -7 36 0.02996970  939  946.8345
116 ED41  -7 36 0.02996970  901  876.5261
117 ED41  -7 36 0.02996970  896  750.0652
118 ED41  -7 36 0.02996970  870  722.9635
119 ED41  -7 36 0.02996970  914  768.4225
120 ED41  -7 36 0.02996970  961  693.2519
121 ED12  -7 36 0.02996970  951  495.9711
122 ED12  -7 36 0.02996970  956 1002.2858
123 ED12  -7 36 0.02996970  970  979.1765
124 ED12  -7 36 0.02996970  980  988.8677
125 ED12  -7 36 0.02996970  989  990.6799
126 ED12  -7 36 0.02996970  981  985.9429
127 ED12  -7 36 0.02996970  983  992.1053
128 ED12  -7 36 0.02996970  946  957.8710
129 ED12  -7 36 0.02996970  910  921.3158
130 ED12  -7 36 0.02996970  960  966.8340
131 ED12  -7 36 0.02996970  968  980.7278
132 ED12  -7 36 0.02996970  975  987.0496
133 ED12  -7 36 0.02996970  994 1016.7050
134 ED12  -7 36 0.02996970  966  982.7198
135 ED12  -7 36 0.02996970  964  981.6849
136 ED12  -7 36 0.02996970  923  934.4783
137 ED12  -7 36 0.02996970  973  983.6968
138 ED12  -7 36 0.02996970  942  955.6422
139 ED12  -7 36 0.02996970  976  994.7006
140 ED12  -7 36 0.02996970  972  978.4479
141 ED12  -7 36 0.02996970  928  941.2213
142 ED12  -7 36 0.02996970  951  965.8775
143 ED12  -7 36 0.02996970  957  974.0198
144 ED12  -7 36 0.02996970  960  976.5978
145 ED12  -7 36 0.02996970 1002 1017.4837
146 ED12  -7 36 0.02996970  939  826.1200
147 ED12  -7 36 0.02996970  939  775.8749
148 ED12  -7 36 0.02996970  916  756.3443
149 ED12  -7 36 0.02996970  981  765.4804
150 ED12  -7 36 0.02996970  968  490.1028
151 ED22  -7 36 0.02996970  997  561.6944
152 ED22  -6 38 0.03041348  995 1021.1928
153 ED22  -7 36 0.02996970  982  996.1105
154 ED22  -7 36 0.02996970  980  995.0204
155 ED22  -7 36 0.02996970 1005 1012.0179
156 ED22  -7 36 0.02996970 1005 1019.4281
157 ED22  -8 36 0.03004283  998 1011.4711
158 ED22  -7 36 0.02996970  997 1011.1749
159 ED22  -7 36 0.02996970  961  977.5377
160 ED22  -7 36 0.02996970 1005 1024.5703
161 ED22  -7 36 0.02996970  998 1009.4610
162 ED22  -7 36 0.02996970  967  983.7326
163 ED22  -7 36 0.02996970  998 1017.3600
164 ED22  -7 36 0.02996970  990 1013.6725
165 ED22  -7 36 0.02996970  997 1019.7040
166 ED22  -7 36 0.02996970  986 1004.3751
 [ reached 'max' / getOption("max.print") -- omitted 74 rows ]
     algo                 a                 b              tmin              nfo        
 Length:240         Min.   :-12.000   Min.   :31.00   Min.   :0.02997   Min.   : 713.0  
 Class :character   1st Qu.: -7.000   1st Qu.:36.00   1st Qu.:0.02997   1st Qu.: 897.5  
 Mode  :character   Median : -7.000   Median :36.00   Median :0.02997   Median : 941.0  
                    Mean   : -7.029   Mean   :36.03   Mean   :0.03004   Mean   : 925.0  
                    3rd Qu.: -7.000   3rd Qu.:36.00   3rd Qu.:0.02997   3rd Qu.: 977.0  
                    Max.   : -3.000   Max.   :38.00   Max.   :0.03403   Max.   :1005.0  
      time       
 Min.   : 387.5  
 1st Qu.: 830.3  
 Median : 937.5  
 Mean   : 897.1  
 3rd Qu.: 982.3  
 Max.   :1026.1  

	Shapiro-Wilk normality test

data:  data[[vardata]]
W = 0.23519, p-value < 2.2e-16

Warning message:
In leveneTest.default(y = y, group = group, ...) : group coerced to factor.
Levene's Test for Homogeneity of Variance (center = median)
       Df F value    Pr(>F)    
group   7  5.1708 1.728e-05 ***
      232                      
---
Signif. codes:  0 ‘***’ 0.001 ‘**’ 0.01 ‘*’ 0.05 ‘.’ 0.1 ‘ ’ 1

	Kruskal-Wallis rank sum test

data:  tmin by algo
Kruskal-Wallis chi-squared = 51.029, df = 7, p-value = 9.066e-09

Warning message:
algo was coerced to a factor. 
Dunn (1964) Kruskal-Wallis multiple comparison
  p-values adjusted with the Benjamini-Hochberg method.

    Comparison          Z      P.unadj        P.adj
1  ED11 - ED12  0.6616493 5.081960e-01 6.467949e-01
2  ED11 - ED21 -4.1225839 3.746460e-05 1.748348e-04
3  ED12 - ED21 -4.7842332 1.716413e-06 2.402978e-05
4  ED11 - ED22 -0.7230240 4.696652e-01 6.575312e-01
5  ED12 - ED22 -1.3846733 1.661524e-01 2.907667e-01
6  ED21 - ED22  3.3995600 6.749438e-04 1.889843e-03
7  ED11 - ED31 -3.7139182 2.040748e-04 7.142617e-04
8  ED12 - ED31 -4.3755675 1.211170e-05 6.782550e-05
9  ED21 - ED31  0.4086657 6.827850e-01 8.312165e-01
10 ED22 - ED31 -2.9908942 2.781618e-03 6.490442e-03
11 ED11 - ED32  0.6616493 5.081960e-01 6.775947e-01
12 ED12 - ED32  0.0000000 1.000000e+00 1.000000e+00
13 ED21 - ED32  4.7842332 1.716413e-06 4.805956e-05
14 ED22 - ED32  1.3846733 1.661524e-01 3.101511e-01
15 ED31 - ED32  4.3755675 1.211170e-05 8.478187e-05
16 ED11 - ED41  0.3188491 7.498410e-01 8.075210e-01
17 ED12 - ED41 -0.3428002 7.317488e-01 8.195586e-01
18 ED21 - ED41  4.4414330 8.936176e-06 8.340431e-05
19 ED22 - ED41  1.0418731 2.974705e-01 4.627319e-01
20 ED31 - ED41  4.0327673 5.512386e-05 2.204954e-04
21 ED32 - ED41 -0.3428002 7.317488e-01 8.537069e-01
22 ED11 - ED42 -0.7230240 4.696652e-01 6.921381e-01
23 ED12 - ED42 -1.3846733 1.661524e-01 3.323048e-01
24 ED21 - ED42  3.3995600 6.749438e-04 2.099825e-03
25 ED22 - ED42  0.0000000 1.000000e+00 1.000000e+00
26 ED31 - ED42  2.9908942 2.781618e-03 7.080483e-03
27 ED32 - ED42 -1.3846733 1.661524e-01 3.578667e-01
28 ED41 - ED42 -1.0418731 2.974705e-01 4.899515e-01
  Group Letter MonoLetter
1  ED11      a         a 
2  ED12      a         a 
3  ED21      b          b
4  ED22      a         a 
5  ED31      b          b
6  ED32      a         a 
7  ED41      a         a 
8  ED42      a         a 
