
Analise  de Dados com Kruskal-Wallis para amostras nao parametricas
Error in readChar(con, 5L, useBytes = TRUE) : 
  não é possível abrir a conexão
Além disso: Warning message:
In readChar(con, 5L, useBytes = TRUE) :
  não foi possível abrir o arquivo comprimido 'np5ng9/rda/data_de1a.rda', motivo provável 'Arquivo ou diretório não encontrado'
Error in readChar(con, 5L, useBytes = TRUE) : 
  não é possível abrir a conexão
Além disso: Warning message:
In readChar(con, 5L, useBytes = TRUE) :
  não foi possível abrir o arquivo comprimido 'np5ng9/rda/data_de2a.rda', motivo provável 'Arquivo ou diretório não encontrado'
Error in readChar(con, 5L, useBytes = TRUE) : 
  não é possível abrir a conexão
Além disso: Warning message:
In readChar(con, 5L, useBytes = TRUE) :
  não foi possível abrir o arquivo comprimido 'np5ng9/rda/data_de3a.rda', motivo provável 'Arquivo ou diretório não encontrado'
Error in readChar(con, 5L, useBytes = TRUE) : 
  não é possível abrir a conexão
Além disso: Warning message:
In readChar(con, 5L, useBytes = TRUE) :
  não foi possível abrir o arquivo comprimido 'np5ng9/rda/data_de4a.rda', motivo provável 'Arquivo ou diretório não encontrado'
Error in readChar(con, 5L, useBytes = TRUE) : 
  não é possível abrir a conexão
Além disso: Warning message:
In readChar(con, 5L, useBytes = TRUE) :
  não foi possível abrir o arquivo comprimido 'np5ng9/rda/data_de1b.rda', motivo provável 'Arquivo ou diretório não encontrado'
Error in readChar(con, 5L, useBytes = TRUE) : 
  não é possível abrir a conexão
Além disso: Warning message:
In readChar(con, 5L, useBytes = TRUE) :
  não foi possível abrir o arquivo comprimido 'np5ng9/rda/data_de2b.rda', motivo provável 'Arquivo ou diretório não encontrado'
Error in readChar(con, 5L, useBytes = TRUE) : 
  não é possível abrir a conexão
Além disso: Warning message:
In readChar(con, 5L, useBytes = TRUE) :
  não foi possível abrir o arquivo comprimido 'np5ng9/rda/data_de3b.rda', motivo provável 'Arquivo ou diretório não encontrado'
Error in readChar(con, 5L, useBytes = TRUE) : 
  não é possível abrir a conexão
Além disso: Warning message:
In readChar(con, 5L, useBytes = TRUE) :
  não foi possível abrir o arquivo comprimido 'np5ng9/rda/data_de4b.rda', motivo provável 'Arquivo ou diretório não encontrado'
Error in readChar(con, 5L, useBytes = TRUE) : 
  não é possível abrir a conexão
Além disso: Warning message:
In readChar(con, 5L, useBytes = TRUE) :
  não foi possível abrir o arquivo comprimido 'np5ng9/rda/data_de1c.rda', motivo provável 'Arquivo ou diretório não encontrado'
Error in readChar(con, 5L, useBytes = TRUE) : 
  não é possível abrir a conexão
Além disso: Warning message:
In readChar(con, 5L, useBytes = TRUE) :
  não foi possível abrir o arquivo comprimido 'np5ng9/rda/data_de2c.rda', motivo provável 'Arquivo ou diretório não encontrado'
Error in readChar(con, 5L, useBytes = TRUE) : 
  não é possível abrir a conexão
Além disso: Warning message:
In readChar(con, 5L, useBytes = TRUE) :
  não foi possível abrir o arquivo comprimido 'np5ng9/rda/data_de3c.rda', motivo provável 'Arquivo ou diretório não encontrado'
Error in readChar(con, 5L, useBytes = TRUE) : 
  não é possível abrir a conexão
Além disso: Warning message:
In readChar(con, 5L, useBytes = TRUE) :
  não foi possível abrir o arquivo comprimido 'np5ng9/rda/data_de4c.rda', motivo provável 'Arquivo ou diretório não encontrado'
Error in readChar(con, 5L, useBytes = TRUE) : 
  não é possível abrir a conexão
Além disso: Warning message:
In readChar(con, 5L, useBytes = TRUE) :
  não foi possível abrir o arquivo comprimido 'np5ng9/rda/data_de1d.rda', motivo provável 'Arquivo ou diretório não encontrado'
Error in readChar(con, 5L, useBytes = TRUE) : 
  não é possível abrir a conexão
Além disso: Warning message:
In readChar(con, 5L, useBytes = TRUE) :
  não foi possível abrir o arquivo comprimido 'np5ng9/rda/data_de2d.rda', motivo provável 'Arquivo ou diretório não encontrado'
Error in readChar(con, 5L, useBytes = TRUE) : 
  não é possível abrir a conexão
Além disso: Warning message:
In readChar(con, 5L, useBytes = TRUE) :
  não foi possível abrir o arquivo comprimido 'np5ng9/rda/data_de3d.rda', motivo provável 'Arquivo ou diretório não encontrado'
Error in readChar(con, 5L, useBytes = TRUE) : 
  não é possível abrir a conexão
Além disso: Warning message:
In readChar(con, 5L, useBytes = TRUE) :
  não foi possível abrir o arquivo comprimido 'np5ng9/rda/data_de4d.rda', motivo provável 'Arquivo ou diretório não encontrado'
    algo  a  b      tmin  nfo      time
1   DE11 -7 36 0.0299697 1418 1496.8779
2   DE11 -7 36 0.0299697 1466 1532.2842
3   DE11 -7 36 0.0299697 1453 1503.2457
4   DE11 -7 36 0.0299697 1401 1443.8382
5   DE11 -7 36 0.0299697 1438 1482.7004
6   DE11 -7 36 0.0299697 1457 1508.2877
7   DE11 -7 36 0.0299697 1461 1516.0366
8   DE11 -7 36 0.0299697 1449 1519.8291
9   DE11 -7 36 0.0299697 1457 1536.9501
10  DE11 -7 36 0.0299697 1445 1518.2083
11  DE11 -7 36 0.0299697 1471 1541.2014
12  DE11 -7 36 0.0299697 1411 1466.1778
13  DE11 -7 36 0.0299697 1457 1524.6437
14  DE11 -7 36 0.0299697 1425 1488.5022
15  DE11 -7 36 0.0299697 1470 1536.7081
16  DE11 -7 36 0.0299697 1452 1520.8350
17  DE11 -7 36 0.0299697 1445 1501.6890
18  DE11 -7 36 0.0299697 1436 1486.0334
19  DE11 -7 36 0.0299697 1410 1470.6325
20  DE11 -7 36 0.0299697 1425 1490.7187
21  DE11 -7 36 0.0299697 1470 1544.7958
22  DE11 -7 36 0.0299697 1440 1499.1138
23  DE11 -7 36 0.0299697 1490 1514.5189
24  DE11 -7 36 0.0299697 1434 1236.0439
25  DE11 -7 36 0.0299697 1477 1281.6483
26  DE11 -7 36 0.0299697 1442 1244.7641
27  DE11 -7 36 0.0299697 1433 1237.7885
28  DE11 -7 36 0.0299697 1440 1016.2774
29  DE11 -7 36 0.0299697 1468  713.7651
30  DE11 -7 36 0.0299697 1425  601.7702
31  DE21 -7 36 0.0299697 1496 1594.6900
32  DE21 -7 36 0.0299697 1484 1552.5779
33  DE21 -7 36 0.0299697 1481 1529.8244
34  DE21 -7 36 0.0299697 1464 1532.0567
35  DE21 -7 36 0.0299697 1481 1540.5112
36  DE21 -7 36 0.0299697 1488 1545.5426
37  DE21 -7 36 0.0299697 1474 1530.2841
38  DE21 -7 36 0.0299697 1481 1553.9693
39  DE21 -7 36 0.0299697 1489 1576.2781
40  DE21 -7 36 0.0299697 1490 1565.3563
41  DE21 -7 36 0.0299697 1491 1567.2426
42  DE21 -7 36 0.0299697 1444 1511.4454
43  DE21 -7 36 0.0299697 1496 1560.5310
44  DE21 -7 36 0.0299697 1470 1547.2727
45  DE21 -7 36 0.0299697 1511 1584.3739
46  DE21 -7 36 0.0299697 1475 1551.1543
47  DE21 -7 36 0.0299697 1500 1580.3641
48  DE21 -7 36 0.0299697 1490 1570.6148
49  DE21 -7 36 0.0299697 1459 1533.1202
50  DE21 -7 36 0.0299697 1476 1543.8894
51  DE21 -7 36 0.0299697 1479 1558.6123
52  DE21 -7 36 0.0299697 1482 1557.2923
53  DE21 -7 36 0.0299697 1493 1339.3157
54  DE21 -7 36 0.0299697 1481 1290.5306
55  DE21 -7 36 0.0299697 1515 1328.4769
56  DE21 -7 36 0.0299697 1498 1314.7202
57  DE21 -7 36 0.0299697 1464 1108.3121
58  DE21 -7 36 0.0299697 1483  748.6524
59  DE21 -7 36 0.0299697 1495  638.9884
60  DE21 -7 36 0.0299697 1496  615.6828
61  DE31 -7 36 0.0299697 1429 1509.1489
62  DE31 -7 36 0.0299697 1359 1410.7207
63  DE31 -7 36 0.0299697 1369 1402.4263
64  DE31 -7 36 0.0299697 1397 1437.5302
65  DE31 -7 36 0.0299697 1411 1458.1628
66  DE31 -7 36 0.0299697 1432 1485.4075
67  DE31 -7 36 0.0299697 1390 1435.7965
68  DE31 -7 36 0.0299697 1417 1479.3029
69  DE31 -7 36 0.0299697 1396 1465.1975
70  DE31 -7 36 0.0299697 1409 1476.3524
71  DE31 -7 36 0.0299697 1413 1487.0642
72  DE31 -7 36 0.0299697 1413 1485.6444
73  DE31 -7 36 0.0299697 1454 1517.8997
74  DE31 -7 36 0.0299697 1409 1467.4189
75  DE31 -7 36 0.0299697 1432 1501.9098
76  DE31 -7 36 0.0299697 1388 1448.6352
77  DE31 -7 36 0.0299697 1448 1519.6068
78  DE31 -7 36 0.0299697 1385 1450.5047
79  DE31 -7 36 0.0299697 1366 1421.4407
80  DE31 -7 36 0.0299697 1365 1427.0927
81  DE31 -7 36 0.0299697 1369 1429.3455
82  DE31 -7 36 0.0299697 1362 1422.3279
83  DE31 -7 36 0.0299697 1451 1510.5338
84  DE31 -7 36 0.0299697 1400 1347.2320
85  DE31 -7 36 0.0299697 1471 1274.8316
86  DE31 -7 36 0.0299697 1414 1226.1122
87  DE31 -7 36 0.0299697 1345 1158.2670
88  DE31 -7 36 0.0299697 1379 1188.4761
89  DE31 -7 36 0.0299697 1416  929.8453
90  DE31 -7 36 0.0299697 1388  662.8220
91  DE41 -7 36 0.0299697 1496 1577.0195
92  DE41 -7 36 0.0299697 1484 1539.1664
93  DE41 -7 36 0.0299697 1481 1530.7780
94  DE41 -7 36 0.0299697 1464 1509.7433
95  DE41 -7 36 0.0299697 1481 1536.4206
96  DE41 -7 36 0.0299697 1488 1551.7816
97  DE41 -7 36 0.0299697 1474 1529.5576
98  DE41 -7 36 0.0299697 1481 1559.8183
99  DE41 -7 36 0.0299697 1489 1576.3886
100 DE41 -7 36 0.0299697 1490 1572.7017
101 DE41 -7 36 0.0299697 1491 1569.1119
102 DE41 -7 36 0.0299697 1444 1507.7934
103 DE41 -7 36 0.0299697 1496 1568.0470
104 DE41 -7 36 0.0299697 1470 1536.3931
105 DE41 -7 36 0.0299697 1511 1587.0093
106 DE41 -7 36 0.0299697 1475 1552.5183
107 DE41 -7 36 0.0299697 1500 1572.2305
108 DE41 -7 36 0.0299697 1490 1566.9456
109 DE41 -7 36 0.0299697 1459 1537.1604
110 DE41 -7 36 0.0299697 1476 1547.4503
111 DE41 -7 36 0.0299697 1479 1555.8995
112 DE41 -7 36 0.0299697 1482 1552.9698
113 DE41 -7 36 0.0299697 1493 1339.3280
114 DE41 -7 36 0.0299697 1481 1293.2043
115 DE41 -7 36 0.0299697 1515 1327.7165
116 DE41 -7 36 0.0299697 1498 1300.1664
117 DE41 -7 36 0.0299697 1464 1120.5818
118 DE41 -7 36 0.0299697 1483  754.0010
119 DE41 -7 36 0.0299697 1495  639.5569
120 DE41 -7 36 0.0299697 1496  617.7020
121 DE12 -7 36 0.0299697 1418 1496.8779
122 DE12 -7 36 0.0299697 1466 1532.2842
123 DE12 -7 36 0.0299697 1453 1503.2457
124 DE12 -7 36 0.0299697 1401 1443.8382
125 DE12 -7 36 0.0299697 1438 1482.7004
126 DE12 -7 36 0.0299697 1457 1508.2877
127 DE12 -7 36 0.0299697 1461 1516.0366
128 DE12 -7 36 0.0299697 1449 1519.8291
129 DE12 -7 36 0.0299697 1457 1536.9501
130 DE12 -7 36 0.0299697 1445 1518.2083
131 DE12 -7 36 0.0299697 1471 1541.2014
132 DE12 -7 36 0.0299697 1411 1466.1778
133 DE12 -7 36 0.0299697 1457 1524.6437
134 DE12 -7 36 0.0299697 1425 1488.5022
135 DE12 -7 36 0.0299697 1470 1536.7081
136 DE12 -7 36 0.0299697 1452 1520.8350
137 DE12 -7 36 0.0299697 1445 1501.6890
138 DE12 -7 36 0.0299697 1436 1486.0334
139 DE12 -7 36 0.0299697 1410 1470.6325
140 DE12 -7 36 0.0299697 1425 1490.7187
141 DE12 -7 36 0.0299697 1470 1544.7958
142 DE12 -7 36 0.0299697 1440 1499.1138
143 DE12 -7 36 0.0299697 1490 1514.5189
144 DE12 -7 36 0.0299697 1434 1236.0439
145 DE12 -7 36 0.0299697 1477 1281.6483
146 DE12 -7 36 0.0299697 1442 1244.7641
147 DE12 -7 36 0.0299697 1433 1237.7885
148 DE12 -7 36 0.0299697 1440 1016.2774
149 DE12 -7 36 0.0299697 1468  713.7651
150 DE12 -7 36 0.0299697 1425  601.7702
151 DE22 -7 36 0.0299697 1496 1594.6900
152 DE22 -7 36 0.0299697 1484 1552.5779
153 DE22 -7 36 0.0299697 1481 1529.8244
154 DE22 -7 36 0.0299697 1464 1532.0567
155 DE22 -7 36 0.0299697 1481 1540.5112
156 DE22 -7 36 0.0299697 1488 1545.5426
157 DE22 -7 36 0.0299697 1474 1530.2841
158 DE22 -7 36 0.0299697 1481 1553.9693
159 DE22 -7 36 0.0299697 1489 1576.2781
160 DE22 -7 36 0.0299697 1490 1565.3563
161 DE22 -7 36 0.0299697 1491 1567.2426
162 DE22 -7 36 0.0299697 1444 1511.4454
163 DE22 -7 36 0.0299697 1496 1560.5310
164 DE22 -7 36 0.0299697 1470 1547.2727
165 DE22 -7 36 0.0299697 1511 1584.3739
166 DE22 -7 36 0.0299697 1475 1551.1543
 [ reached 'max' / getOption("max.print") -- omitted 314 rows ]
     algo                 a            b           tmin              nfo      
 Length:480         Min.   :-7   Min.   :36   Min.   :0.02997   Min.   :1345  
 Class :character   1st Qu.:-7   1st Qu.:36   1st Qu.:0.02997   1st Qu.:1428  
 Mode  :character   Median :-7   Median :36   Median :0.02997   Median :1465  
                    Mean   :-7   Mean   :36   Mean   :0.02997   Mean   :1454  
                    3rd Qu.:-7   3rd Qu.:36   3rd Qu.:0.02997   3rd Qu.:1484  
                    Max.   :-7   Max.   :36   Max.   :0.02997   Max.   :1515  
      time       
 Min.   : 601.8  
 1st Qu.:1388.6  
 Median :1505.5  
 Mean   :1404.3  
 3rd Qu.:1544.1  
 Max.   :1594.7  
Error in shapiro.test(data[[vardata]]) : all 'x' values are identical

	Shapiro-Wilk normality test

data:  data[[vardata]]
W = 0.23429, p-value < 2.2e-16

Error in shapiro.test(dtdeb1[[vardata]]) : all 'x' values are identical
Error in shapiro.test(dtded1[[vardata]]) : all 'x' values are identical
Error in shapiro.test(dtdeb2[[vardata]]) : all 'x' values are identical
Error in shapiro.test(dtded2[[vardata]]) : all 'x' values are identical
Error in shapiro.test(dtdea3[[vardata]]) : all 'x' values are identical
Error in shapiro.test(dtdec3[[vardata]]) : all 'x' values are identical
Error in shapiro.test(dtdea4[[vardata]]) : all 'x' values are identical
Error in shapiro.test(dtdec4[[vardata]]) : all 'x' values are identical
Warning message:
In leveneTest.default(y = y, group = group, ...) : group coerced to factor.
Levene's Test for Homogeneity of Variance (center = median)
       Df F value Pr(>F)
group  15               
      464               

	Kruskal-Wallis rank sum test

data:  tmin by algo
Kruskal-Wallis chi-squared = NaN, df = 15, p-value = NA

Error in if (z < 0) { : valor ausente onde TRUE/FALSE necessário
Além disso: Warning message:
algo was coerced to a factor. 
NULL
Error : No significant differences.
