
Analise  de Dados com Kruskal-Wallis para amostras nao parametricas
   algo alfa beta s1h0       tmin  nfo     time
1   DE1  -53    0  0.9 0.02079750 5048 5388.731
2   DE1  -53    0  0.9 0.02079750 4991 5348.751
3   DE1  -53    0  0.9 0.02079750 5013 5360.743
4   DE1  -53    0  0.9 0.02079750 4925 5280.624
5   DE1  -53    0  0.9 0.02079750 4855 5192.669
6   DE1  -53    0  0.9 0.02079750 4996 5368.383
7   DE1  -53    0  0.9 0.02079750 5025 5416.382
8   DE1  -53    0  0.9 0.02079750 5057 5446.212
9   DE1  -53    0  0.9 0.02079750 5011 5414.142
10  DE1  -53    0  0.9 0.02079750 4909 5298.368
11  DE1  -53    0  0.9 0.02079750 5037 5437.048
12  DE1  -53    0  0.9 0.02079750 4942 5315.296
13  DE1  -53    0  0.9 0.02079750 4879 5267.520
14  DE1  -53    0  0.9 0.02079750 5135 5537.082
15  DE1  -53    0  0.9 0.02079750 4992 5372.810
16  DE1  -53    0  0.9 0.02079750 4985 5378.724
17  DE1  -53    0  0.9 0.02079750 5091 5483.595
18  DE1  -53    0  0.9 0.02079750 5003 5403.511
19  DE1  -53    0  0.9 0.02079750 4942 5352.302
20  DE1  -53    0  0.9 0.02079750 5055 5454.879
21  DE1  -53    0  0.9 0.02079750 4923 5307.741
22  DE1  -53    0  0.9 0.02079750 4959 5351.287
23  DE1  -53    0  0.9 0.02079750 4932 5327.623
24  DE1  -53    0  0.9 0.02079750 5106 5502.671
25  DE1  -53    0  0.9 0.02079750 4942 5327.721
26  DE1  -53    0  0.9 0.02079750 4938 5331.817
27  DE1  -53    0  0.9 0.02079750 4994 5429.709
28  DE1  -53    0  0.9 0.02079750 5006 4690.733
29  DE1  -53    0  0.9 0.02079750 4897 4271.835
30  DE1  -53    0  0.9 0.02079750 4944 3947.243
31  DE2  -53    0  0.9 0.02079750 5051 5369.869
32  DE2  -53    0  0.9 0.02079750 4984 5326.528
33  DE2   27   -3  0.1 0.02445665 5821 6304.784
34  DE2  -53    0  0.9 0.02079750 5063 5411.812
35  DE2  -53    0  0.9 0.02079750 4966 5293.853
36  DE2  -53    0  0.9 0.02079750 4982 5334.072
37  DE2  -53    0  0.9 0.02079750 5057 5434.543
38  DE2  -53    0  0.9 0.02079750 5074 5452.258
39  DE2  -33   -2  0.6 0.02431577 5694 6146.043
40  DE2  -53    0  0.9 0.02079750 5003 5372.964
41  DE2  -53    0  0.9 0.02079750 4983 5350.246
42  DE2  -53    0  0.9 0.02079750 5036 5404.424
43  DE2   27   -3  0.1 0.02445665 5840 6362.165
44  DE2  -53    0  0.9 0.02079750 5060 5432.484
45  DE2  -53    0  0.9 0.02079750 5023 5382.673
46  DE2  -53    0  0.9 0.02079750 4959 5320.811
47  DE2  -53    0  0.9 0.02079750 5051 5428.956
48  DE2  -53    0  0.9 0.02079750 4979 5344.010
49  DE2  -53    0  0.9 0.02079750 5046 5424.678
50  DE2  -53    0  0.9 0.02079750 4927 5289.112
51  DE2  -53    0  0.9 0.02079750 4951 5316.231
52  DE2  -53    0  0.9 0.02079750 5019 5389.962
53  DE2  -53    0  0.9 0.02079750 5039 5406.801
54  DE2  -53    0  0.9 0.02079750 4925 5287.282
55  DE2  -53    0  0.9 0.02079750 5061 5430.500
56  DE2   27   -3  0.1 0.02445665 5878 6408.307
57  DE2  -53    0  0.9 0.02079750 4855 4807.966
58  DE2   27   -3  0.1 0.02445665 5885 5224.674
59  DE2  -53    0  0.9 0.02079750 5103 4031.781
60  DE2  -53    0  0.9 0.02079750 4954 3603.770
61  DE3  -53    0  0.9 0.02079750 4758 5125.577
62  DE3  -53    0  0.9 0.02079750 4862 5258.357
63  DE3  -53    0  0.9 0.02079750 4641 5049.189
64  DE3  -53    0  0.9 0.02079750 4630 5030.378
65  DE3  -53    0  0.9 0.02079750 4407 4784.531
66  DE3  -53    0  0.9 0.02079750 4687 5097.380
67  DE3  -53    0  0.9 0.02079750 4772 5197.137
68  DE3  -53    0  0.9 0.02079750 4943 5374.279
69  DE3  -53    0  0.9 0.02079750 4681 5101.757
70  DE3  -53    0  0.9 0.02079750 4754 5180.559
71  DE3  -53    0  0.9 0.02079750 4747 5173.247
72  DE3  -53    0  0.9 0.02079750 4539 4938.261
73  DE3  -53    0  0.9 0.02079750 4568 4972.342
74  DE3  -53    0  0.9 0.02079750 4985 5426.220
75  DE3  -53    0  0.9 0.02079750 4664 5076.839
76  DE3  -53    0  0.9 0.02079750 4406 4800.760
77  DE3  -53    0  0.9 0.02079750 4915 5334.481
78  DE3  -53    0  0.9 0.02079750 4570 4973.240
79  DE3  -53    0  0.9 0.02079750 4755 5169.776
80  DE3  -53    0  0.9 0.02079750 4649 5064.463
81  DE3  -53    0  0.9 0.02079750 4704 5117.501
82  DE3  -53    0  0.9 0.02079750 4894 5321.640
83  DE3  -53    0  0.9 0.02079750 4770 5187.830
84  DE3  -53    0  0.9 0.02079750 4880 5312.182
85  DE3  -53    0  0.9 0.02079750 4887 5320.073
86  DE3  -53    0  0.9 0.02079750 4832 5249.199
87  DE3  -53    0  0.9 0.02079750 4887 5317.787
88  DE3  -53    0  0.9 0.02079750 4747 5175.202
89  DE3  -53    0  0.9 0.02079750 4639 4555.155
90  DE3  -53    0  0.9 0.02079750 4845 4383.346

	Shapiro-Wilk normality test

data:  data[[vardata]]
W = 0.24215, p-value < 2.2e-16

Levene's Test for Homogeneity of Variance (center = median)
      Df F value   Pr(>F)   
group  2  5.6614 0.004883 **
      87                    
---
Signif. codes:  0 ‘***’ 0.001 ‘**’ 0.01 ‘*’ 0.05 ‘.’ 0.1 ‘ ’ 1

	Kruskal-Wallis rank sum test

data:  beta by algo
Kruskal-Wallis chi-squared = 10.465, df = 2, p-value = 0.00534

Dunn (1964) Kruskal-Wallis multiple comparison
  p-values adjusted with the Benjamini-Hochberg method.

  Comparison         Z    P.unadj       P.adj
1  DE1 - DE2  2.801578 0.00508534 0.007628011
2  DE1 - DE3  0.000000 1.00000000 1.000000000
3  DE2 - DE3 -2.801578 0.00508534 0.015256021
  Group Letter MonoLetter
1   DE1      a         a 
2   DE2      b          b
3   DE3      a         a 
