
Analise  de Dados com Kruskal-Wallis para amostras nao parametricas
    algo   a  b       tmin  nfo      time
1   DE13  -7 36 0.02996970  890  939.1576
2   DE13  -7 36 0.02996970  871  918.9396
3   DE13  -7 36 0.02996970  876  904.1580
4   DE13  -7 36 0.02996970  862  896.3471
5   DE13  -7 36 0.02996970  915  945.5086
6   DE13  -7 36 0.02996970  965 1000.8996
7   DE13  -7 36 0.02996970  919  948.6378
8   DE13  -7 36 0.02996970  937  969.4117
9   DE13  -8 36 0.03004283  846  877.2360
10  DE13  -7 36 0.02996970  863  900.8701
11  DE13  -7 36 0.02996970  928  959.4410
12  DE13  -7 36 0.02996970  889  924.9297
13  DE13  -7 36 0.02996970  944  983.4429
14  DE13  -7 36 0.02996970  849  890.0292
15  DE13  -7 36 0.02996970  909  951.3691
16  DE13  -7 36 0.02996970  854  889.6587
17  DE13  -7 36 0.02996970  893  929.2851
18  DE13  -7 36 0.02996970  878  922.0476
19  DE13  -7 36 0.02996970  881  926.2509
20  DE13  -7 36 0.02996970  897  933.9668
21  DE13  -7 36 0.02996970  802  838.3926
22  DE13  -7 36 0.02996970  826  742.0933
23  DE13  -7 36 0.02996970  903  770.5042
24  DE13  -7 36 0.02996970  913  783.1676
25  DE13  -7 36 0.02996970  889  762.6622
26  DE13  -8 36 0.03004283  838  727.9296
27  DE13  -7 36 0.02996970  852  735.3907
28  DE13  -7 36 0.02996970  784  672.1448
29  DE13  -7 36 0.02996970  928  798.7769
30  DE13  -7 36 0.02996970  894  770.8673
31  DE23  -6 37 0.03041348  867  937.9882
32  DE23  -7 36 0.02996970  909  962.5691
33  DE23  -7 36 0.02996970  923  958.3670
34  DE23 -11 34 0.03153186  916  950.2436
35  DE23  -7 36 0.02996970  944  990.2991
36  DE23  -7 37 0.03012814  982 1032.4399
37  DE23  -7 36 0.02996970  961 1015.5842
38  DE23  -7 36 0.02996970  926  980.4140
39  DE23  -8 36 0.03004283  913  977.8845
40  DE23  -6 36 0.03041346  947 1003.6487
41  DE23  -7 36 0.02996970  945 1008.5893
42  DE23  -8 36 0.03004283  900  960.6010
43  DE23  -7 36 0.02996970  947 1010.2646
44  DE23 -10 33 0.03234124  946 1005.7571
45  DE23  -7 36 0.02996970  941 1001.8188
46  DE23  -7 36 0.02996970  948 1008.1666
47  DE23  -7 36 0.02996970  932  990.9074
48  DE23  -7 36 0.02996970  937 1000.1601
49  DE23  -7 36 0.02996970  915  981.9198
50  DE23  -7 36 0.02996970  937  980.7962
51  DE23  -6 38 0.03041348  897  778.7968
52  DE23  -6 35 0.03074216  926  805.6174
53  DE23  -7 36 0.02996970  927  810.5309
54  DE23  -6 37 0.03041348  925  823.4356
55  DE23  -6 36 0.03041346  965  842.7574
56  DE23  -8 33 0.03234123  886  785.6778
57  DE23  -5 30 0.03490166  862  740.5274
58  DE23  -7 36 0.02996970  858  754.9915
59  DE23  -7 36 0.02996970  924  642.5614
60  DE23  -9 36 0.03051231  941  428.5992
61  DE33  -7 39 0.03116096  746  790.1743
62  DE33  -7 36 0.02996970  809  854.1069
63  DE33  -9 36 0.03051231  792  808.9112
64  DE33  -8 36 0.03004283  706  728.9013
65  DE33  -8 36 0.03004283  759  773.2260
66  DE33  -9 35 0.03074216  818  843.5347
67  DE33  -6 37 0.03041348  686  707.4554
68  DE33  -8 36 0.03004283  875  903.7011
69  DE33  -8 36 0.03004283  684  709.4263
70  DE33  -6 38 0.03041348  792  821.9346
71  DE33  -7 36 0.02996970  784  812.5581
72  DE33  -7 38 0.03068761  698  602.9457
73  DE33  -6 38 0.03041348  779  637.5767
74  DE33  -7 35 0.03074216  726  603.2277
75  DE33  -8 36 0.03004283  666  549.1133
76  DE33  -6 36 0.03041346  686  562.0272
77  DE33  -6 38 0.03041348  718  588.0951
78  DE33  -8 36 0.03004283  670  547.7535
79  DE33  -9 37 0.03106670  722  595.6661
80  DE33  -8 36 0.03004283  618  508.9127
81  DE33  -8 35 0.03074216  645  533.0020
82  DE33  -6 38 0.03041348  665  552.3761
83  DE33 -11 35 0.03090241  732  601.9986
84  DE33  -6 38 0.03041348  739  614.1903
85  DE33  -7 36 0.02996970  855  699.1400
86  DE33  -8 37 0.03059710  655  541.3351
87  DE33  -6 34 0.03153186  587  483.4275
88  DE33  -9 36 0.03051231  651  541.0152
89  DE33  -7 36 0.02996970  614  505.2432
90  DE33  -8 36 0.03004283  764  627.8730
91  DE43  -8 36 0.03004283  898  951.9539
92  DE43  -7 36 0.02996970  953 1002.6770
93  DE43  -7 36 0.02996970  879  899.0303
94  DE43  -7 36 0.02996970  873  901.2237
95  DE43  -7 36 0.02996970  939  965.0090
96  DE43  -7 36 0.02996970  957  993.0515
97  DE43  -7 36 0.02996970  945  976.5269
98  DE43  -7 36 0.02996970  930  971.6117
99  DE43  -7 36 0.02996970  870  903.7346
100 DE43  -7 36 0.02996970  927  966.7043
101 DE43  -7 36 0.02996970  877  909.9922
102 DE43  -7 36 0.02996970  922  968.9857
103 DE43  -7 36 0.02996970  896  935.0292
104 DE43  -7 36 0.02996970  915  959.9837
105 DE43  -7 36 0.02996970  925  965.2503
106 DE43  -7 36 0.02996970  948  987.6634
107 DE43  -8 36 0.03004283  907  942.6298
108 DE43  -7 36 0.02996970  895  936.3435
109 DE43  -7 36 0.02996970  894  931.8579
110 DE43  -8 36 0.03004283  891  925.5347
111 DE43  -7 36 0.02996970  897  883.3681
112 DE43  -7 36 0.02996970  870  744.0732
113 DE43  -7 36 0.02996970  921  785.5963
114 DE43  -7 36 0.02996970  887  762.5889
115 DE43  -7 36 0.02996970  941  809.3757
116 DE43  -7 36 0.02996970  871  742.2985
117 DE43  -7 36 0.02996970  921  794.6529
118 DE43  -7 36 0.02996970  867  742.3142
119 DE43  -7 36 0.02996970  873  748.7928
120 DE43  -7 36 0.02996970  901  663.4138
121 DE14  -7 36 0.02996970  952  603.7774
122 DE14  -7 36 0.02996970  960 1027.7245
123 DE14  -7 36 0.02996970  963  999.9912
124 DE14  -7 36 0.02996970  980 1010.5649
125 DE14  -7 36 0.02996970  987 1016.6763
126 DE14  -7 36 0.02996970  989 1023.0756
127 DE14  -7 36 0.02996970  979 1014.0037
128 DE14  -7 36 0.02996970  986 1020.7173
129 DE14  -7 36 0.02996970  921  955.6058
130 DE14  -7 36 0.02996970  948  991.4018
131 DE14  -7 36 0.02996970  974 1012.6790
132 DE14  -7 36 0.02996970  961 1001.4382
133 DE14  -7 36 0.02996970  981 1029.1363
134 DE14  -8 36 0.03004283  959 1002.1564
135 DE14  -7 36 0.02996970  974 1023.5668
136 DE14  -7 36 0.02996970  912  956.9749
137 DE14  -7 36 0.02996970  968 1017.0648
138 DE14  -7 36 0.02996970  951  996.6321
139 DE14  -7 36 0.02996970  973 1023.6021
140 DE14  -7 36 0.02996970  970 1011.8046
141 DE14  -7 36 0.02996970  920  834.6776
142 DE14  -7 36 0.02996970  948  817.0291
143 DE14  -7 36 0.02996970  971  836.8793
144 DE14  -7 36 0.02996970  950  825.5688
145 DE14  -8 36 0.03004283 1002  866.7726
146 DE14  -7 36 0.02996970  929  802.3103
147 DE14  -7 36 0.02996970  950  824.2927
148 DE14  -7 36 0.02996970  916  788.0864
149 DE14  -7 36 0.02996970  972  696.2556
150 DE14  -7 36 0.02996970  957  441.1208
151 DE24  -8 37 0.03059710  990  651.9952
152 DE24  -8 36 0.03004283  999 1074.5685
153 DE24  -7 36 0.02996970  974 1012.7545
154 DE24  -7 36 0.02996970  986 1024.3365
155 DE24  -7 36 0.02996970 1007 1047.6728
156 DE24  -8 36 0.03004283 1006 1041.6047
157 DE24  -7 36 0.02996970  996 1041.8573
158 DE24  -7 36 0.02996970  986 1024.6869
159 DE24  -7 36 0.02996970  970 1004.8806
160 DE24  -7 36 0.02996970 1000 1049.7868
161 DE24  -7 37 0.03012814 1004 1047.1345
162 DE24  -8 36 0.03004283  973 1027.2600
163 DE24  -7 36 0.02996970  992 1047.1017
164 DE24  -9 34 0.03153186  990 1033.3447
165 DE24  -8 36 0.03004283  998 1055.7532
166 DE24  -7 36 0.02996970  981 1034.1265
 [ reached 'max' / getOption("max.print") -- omitted 74 rows ]
     algo                 a                 b              tmin              nfo        
 Length:240         Min.   :-11.000   Min.   :30.00   Min.   :0.02997   Min.   : 587.0  
 Class :character   1st Qu.: -7.000   1st Qu.:36.00   1st Qu.:0.02997   1st Qu.: 889.0  
 Mode  :character   Median : -7.000   Median :36.00   Median :0.02997   Median : 937.0  
                    Mean   : -7.179   Mean   :36.01   Mean   :0.03014   Mean   : 913.7  
                    3rd Qu.: -7.000   3rd Qu.:36.00   3rd Qu.:0.03004   3rd Qu.: 974.0  
                    Max.   : -5.000   Max.   :39.00   Max.   :0.03490   Max.   :1010.0  
      time       
 Min.   : 410.5  
 1st Qu.: 787.4  
 Median : 930.6  
 Mean   : 875.2  
 3rd Qu.:1002.3  
 Max.   :1079.2  

	Shapiro-Wilk normality test

data:  data[[vardata]]
W = 0.3898, p-value < 2.2e-16

Warning message:
In leveneTest.default(y = y, group = group, ...) : group coerced to factor.
Levene's Test for Homogeneity of Variance (center = median)
       Df F value    Pr(>F)    
group   7  5.2556 1.382e-05 ***
      232                      
---
Signif. codes:  0 ‘***’ 0.001 ‘**’ 0.01 ‘*’ 0.05 ‘.’ 0.1 ‘ ’ 1

	Kruskal-Wallis rank sum test

data:  tmin by algo
Kruskal-Wallis chi-squared = 92.607, df = 7, p-value < 2.2e-16

Warning message:
algo was coerced to a factor. 
Dunn (1964) Kruskal-Wallis multiple comparison
  p-values adjusted with the Benjamini-Hochberg method.

    Comparison          Z      P.unadj        P.adj
1  DE13 - DE14  0.0000000 1.000000e+00 1.000000e+00
2  DE13 - DE23 -3.6906182 2.237097e-04 6.959857e-04
3  DE14 - DE23 -3.6906182 2.237097e-04 7.829839e-04
4  DE13 - DE24 -3.0124228 2.591713e-03 4.268705e-03
5  DE14 - DE24 -3.0124228 2.591713e-03 4.535499e-03
6  DE23 - DE24  0.6781954 4.976478e-01 6.333699e-01
7  DE13 - DE33 -6.9249127 4.362445e-12 4.071615e-11
8  DE14 - DE33 -6.9249127 4.362445e-12 6.107422e-11
9  DE23 - DE33 -3.2342945 1.219436e-03 2.626479e-03
10 DE24 - DE33 -3.9124899 9.134936e-05 3.653974e-04
11 DE13 - DE34  0.4528927 6.506260e-01 7.590637e-01
12 DE14 - DE34  0.4528927 6.506260e-01 7.920664e-01
13 DE23 - DE34  4.1435109 3.420288e-05 1.915361e-04
14 DE24 - DE34  3.4653155 5.296097e-04 1.348098e-03
15 DE33 - DE34  7.3778054 1.609199e-13 4.505757e-12
16 DE13 - DE43 -0.2264464 8.208543e-01 8.839969e-01
17 DE14 - DE43 -0.2264464 8.208543e-01 9.193568e-01
18 DE23 - DE43  3.4641719 5.318666e-04 1.241022e-03
19 DE24 - DE43  2.7859764 5.336675e-03 7.864574e-03
20 DE33 - DE43  6.6984663 2.106182e-11 1.474328e-10
21 DE34 - DE43 -0.6793391 4.969230e-01 6.956923e-01
22 DE13 - DE44 -3.0124228 2.591713e-03 4.837865e-03
23 DE14 - DE44 -3.0124228 2.591713e-03 5.183427e-03
24 DE23 - DE44  0.6781954 4.976478e-01 6.635304e-01
25 DE24 - DE44  0.0000000 1.000000e+00 1.000000e+00
26 DE33 - DE44  3.9124899 9.134936e-05 4.262970e-04
27 DE34 - DE44 -3.4653155 5.296097e-04 1.482907e-03
28 DE43 - DE44 -2.7859764 5.336675e-03 8.301495e-03
  Group Letter MonoLetter
1  DE13      a        a  
2  DE14      a        a  
3  DE23      b         b 
4  DE24      b         b 
5  DE33      c          c
6  DE34      a        a  
7  DE43      a        a  
8  DE44      b         b 
