
Analise  de Dados com Kruskal-Wallis para amostras nao parametricas
    algo alfa beta s1h0       tmin
1    DE1   -7  -26  0.6 0.05867081
2    DE1   39    0  0.1 0.03603995
3    DE1   -7  -16  0.5 0.04502915
4    DE1    6   -6  0.4 0.04435005
5    DE1  -77  -24  0.6 0.06400704
6    DE1  -31  -11  0.8 0.05523264
7    DE1   55    6  0.1 0.05454031
8    DE1  -40    2  0.7 0.02409817
9    DE1  -44  -51  0.7 0.07910455
10   DE1  -37   53  0.5 0.06622734
11   DE1   -9   14  0.6 0.05667013
12   DE1  -62  -64  0.5 0.09526154
13   DE1   -3  -45  0.3 0.07204632
14   DE1  -80   40  0.6 0.08606132
15   DE1    3   -2  0.1 0.04124807
16   DE1  -40   62  0.5 0.07353816
17   DE1   -1   21  0.9 0.08991641
18   DE1  -27   26  0.3 0.05488073
19   DE1   -4   23  0.9 0.08859296
20   DE1  -34    6  0.6 0.02885423
21   DE1   -9   -6  0.5 0.04272117
22   DE1   44   27  0.1 0.04155251
23   DE1   -1  -17  0.5 0.05139305
24   DE1    7    1  0.8 0.08710436
25   DE1   28   80  0.1 0.08166962
26   DE1  -59  -29  0.9 0.05366607
27   DE1  -39   52  0.7 0.05761554
28   DE1   21   51  0.3 0.05494945
29   DE1  -52   47  0.6 0.06293471
30   DE1  -15    2  0.2 0.04530984
31   DE1   -1   53  0.4 0.06017570
32   DE1   17   12  0.7 0.08473737
33   DE1   26   68  0.5 0.07280526
34   DE1   47  -15  0.1 0.04496837
35   DE1  -19   62  0.6 0.06354584
36   DE1   27    3  0.1 0.02785507
37   DE1   11    3  0.6 0.07295353
38   DE1   -9   -8  0.8 0.07833916
39   DE1   33   42  0.5 0.07718458
40   DE1    0    0  0.1 0.04396927
41   DE1    9   27  0.1 0.05208586
42   DE1  -26   36  0.8 0.06242356
43   DE1   41   55  0.1 0.05607688
44   DE1  -19  -21  0.6 0.04481093
45   DE1  -13   20  0.4 0.03899196
46   DE1  -66  -28  0.5 0.05252190
47   DE1   26   80  0.1 0.08267126
48   DE1  -61   66  0.5 0.08251593
49   DE1   -4   -7  0.5 0.04831172
50   DE1  -42  -10  0.9 0.04742987
51   DE1  -23   40  0.6 0.04525061
52   DE1  -23  -15  0.9 0.07631378
53   DE1   14   68  0.3 0.07064101
54   DE1  -80  -80  0.7 0.11956581
55   DE1   39   -9  0.1 0.03603994
56   DE1  -25   68  0.5 0.07407430
57   DE1  -16   73  0.2 0.08521781
58   DE1  -45   21  0.4 0.05637742
59   DE1  -18    1  0.9 0.08042809
60   DE1    3   23  0.5 0.05522234
61   DE1  -28    0  0.4 0.03651200
62   DE1   -6   -6  0.7 0.07103192
63   DE1  -20   31  0.5 0.04189692
64   DE1    7   27  0.1 0.05311748
65   DE1   -7   26  0.2 0.05266405
66   DE1  -67   64  0.6 0.08052778
67   DE1   48   49  0.5 0.08585311
68   DE1   37  -13  0.2 0.04682632
69   DE1   27   12  0.1 0.03276340
70   DE1  -22    0  0.5 0.02625604
71   DE1    1   -5  0.6 0.06573743
72   DE1  -57   72  0.4 0.08776658
73   DE1  -24   46  0.6 0.05147945
74   DE1   20   -8  0.2 0.02977960
75   DE1   42  -11  0.1 0.03932143
76   DE1   28   11  0.2 0.03779459
77   DE1   -4    6  0.1 0.04899273
78   DE1  -57   55  0.7 0.06633254
79   DE1   38   42  0.3 0.06021894
80   DE1   -5   46  0.5 0.05010786
81   DE1   24  -12  0.1 0.03404959
82   DE1   -4  -28  0.5 0.05252185
83   DE1  -38   -1  0.4 0.04148953
84   DE1  -24   12  0.8 0.06488648
85   DE1  -61   13  0.9 0.03289600
86   DE1  -78  -40  0.5 0.06626254
87   DE1  -77   65  0.6 0.08738313
88   DE1    5   14  0.5 0.05702892
89   DE1   -4   26  0.1 0.05775550
90   DE1  -80   58  0.7 0.08524669
91   DE1    6  -39  0.1 0.06511266
92   DE1  -29   60  0.2 0.08389326
93   DE1  -20   40  0.5 0.04981757
94   DE1   23    5  0.1 0.03217935
95   DE1  -18  -49  0.2 0.07673337
96   DE1   11   22  0.4 0.04918913
97   DE1    1   15  0.1 0.05076003
98   DE1   28  -29  0.3 0.05366605
99   DE1  -21   19  0.6 0.04199471
100  DE1    8   20  0.4 0.04632529
101  DE1   56   54  0.1 0.05579103
102  DE1  -43   17  0.3 0.06374984
103  DE1   34   35  0.1 0.04172642
104  DE1   28   73  0.1 0.07686902
105  DE1  -22   28  0.5 0.04052034
106  DE1    9   12  0.2 0.03779332
107  DE1  -16   14  0.5 0.03379576
108  DE1  -20   48  0.5 0.05689055
109  DE1   18   64  0.3 0.06633498
110  DE1  -19  -27  0.5 0.05137699
111  DE1  -42   66  0.5 0.07689995
112  DE1   16  -19  0.5 0.06590643
113  DE1    6  -21  0.1 0.04448605
114  DE1   41    3  0.1 0.03821910
115  DE1   16   14  0.4 0.05372107
116  DE1  -22    9  0.5 0.03087395
117  DE1  -28   50  0.5 0.06111845
118  DE1  -20   -5  0.2 0.04529985
119  DE1  -80  -64  0.6 0.09526164
120  DE1  -20    8  0.6 0.04342387
121  DE1   28  -31  0.1 0.05595320
122  DE1  -18  -13  0.7 0.05974918
123  DE1   14    5  0.4 0.05194230
124  DE1    7  -43  0.1 0.06972442
125  DE1  -23   12  0.4 0.03999320
126  DE1  -75  -30  0.6 0.05732293
127  DE1  -10   -2  0.6 0.05562865
128  DE1  -56  -11  0.8 0.03288251
129  DE1   -7    8  0.4 0.03003500
130  DE1    9   36  0.3 0.04583769
131  DE1  -13   38  0.5 0.04516369
132  DE1  -27   42  0.3 0.06514585
133  DE1   39   42  0.1 0.04479049
134  DE1   40   -2  0.1 0.03712532
135  DE1  -10   38  0.7 0.06772788
136  DE1   44   28  0.1 0.04155251
137  DE1  -64   33  0.6 0.06241246
138  DE1  -38  -12  0.7 0.03404957
139  DE1   18   55  0.3 0.05979844
140  DE1  -80   56  0.7 0.08475040
141  DE1  -18   69  0.5 0.07268192
142  DE1   52    9  0.1 0.05086479
143  DE1  -52  -39  0.7 0.06511266
144  DE1  -58  -21  0.6 0.04448605
145  DE1    9  -15  0.2 0.03754297
146  DE1  -13    0  0.6 0.05232625
147  DE1   -3   -1  0.4 0.03472878
148  DE1   19   20  0.1 0.04285912
149  DE1    8   43  0.3 0.05270140
150  DE1   23    5  0.1 0.03217935
151  DE1  -74  -41  0.9 0.06741432
152  DE1   17    1  0.1 0.03432203
153  DE1  -65   -6  0.9 0.03029455
154  DE1   -6   37  0.7 0.07103194
155  DE1  -30  -17  0.9 0.06878616
156  DE1   34   19  0.2 0.04381032
157  DE1  -11   -5  0.2 0.03959054
158  DE1   35   23  0.1 0.03178029
159  DE1   32  -35  0.1 0.06052733
160  DE1   46   -4  0.1 0.04382019
161  DE1  -50    4  0.5 0.04496115
162  DE1   28   59  0.3 0.05735227
163  DE1  -80    7  0.7 0.07519389
164  DE1  -32  -13  0.7 0.03896311
165  DE1   39  -20  0.1 0.04333278
166  DE1  -59   -1  0.9 0.02553543
167  DE1  -24    3  0.5 0.02884769
168  DE1  -65  -28  0.5 0.05252190
169  DE1   17   16  0.3 0.04091319
170  DE1  -44  -14  0.5 0.03638009
171  DE1   16   -6  0.2 0.02703229
172  DE1   30   52  0.1 0.06042253
173  DE1  -11   31  0.8 0.07693053
174  DE1   17    5  0.3 0.04091318
175  DE1  -10   56  0.5 0.06115457
176  DE1  -62  -41  0.7 0.06741432
177  DE1   -2   29  0.4 0.03853717
178  DE1    6  -22  0.4 0.04563770
179  DE1  -16    9  0.6 0.04873340
180  DE1   52   38  0.1 0.05086479
181  DE1  -18   43  0.5 0.05175662
182  DE1   -6    0  0.1 0.04701703
183  DE1  -35   43  0.8 0.04815167
184  DE1    0   -8  0.1 0.03949473
185  DE1  -80   -8  0.8 0.06732914
186  DE1   45   -9  0.1 0.04268165
187  DE1    6   14  0.2 0.04054743
188  DE1   37   43  0.1 0.04741719
189  DE1  -10   41  0.4 0.05259213
190  DE1   39    0  0.1 0.03603995
191  DE1  -15   24  0.5 0.03515474
192  DE1  -74   -9  0.8 0.05151387
193  DE1  -73  -24  0.7 0.05141121
194  DE1   38  -12  0.3 0.06021893
195  DE1  -60    9  0.6 0.04880798
196  DE1  -34   25  0.6 0.03785687
197  DE1   13   -6  0.5 0.06364213
198  DE1    8   32  0.5 0.05961677
199  DE1   15   19  0.1 0.04494028
200  DE1   20   12  0.2 0.03063660
 [ reached 'max' / getOption("max.print") -- omitted 14585 rows ]
Error in shapiro.test(dtde1[[vardata]]) : 
  sample size must be between 3 and 5000
Error in dev.off() : 
  não é possível desligar dispositivo 1 (o dispositivo nulo)
