
Analise  de Dados com Kruskal-Wallis para amostras nao parametricas
    algo alfa beta s1h0       tmin
1    DE1    1   21  0.6 0.06573727
2    DE1    6   80  0.1 0.08904019
3    DE1  -35  -77  0.2 0.11448277
4    DE1   20   30  0.1 0.04771038
5    DE1   -6   13  0.2 0.04633932
6    DE1  -36   32  0.5 0.05009333
7    DE1   21   80  0.1 0.08478644
8    DE1   12   36  0.8 0.08920809
9    DE1   48   80  0.1 0.06009562
10   DE1  -27    2  0.4 0.03700957
11   DE1   12   65  0.1 0.07704086
12   DE1   19   69  0.3 0.06889549
13   DE1  -58  -53  0.7 0.08149851
14   DE1  -55  -18  0.7 0.04102183
15   DE1   11   80  0.1 0.08787233
16   DE1  -37   -4  0.9 0.05808516
17   DE1   -7   -1  0.6 0.05867086
18   DE1  -17    8  0.2 0.04918543
19   DE1   20   80  0.1 0.08515449
20   DE1   23   37  0.1 0.05151866
21   DE1  -80  -33  0.6 0.06236164
22   DE1  -26   15  0.2 0.06130518
23   DE1    2   54  0.7 0.07664243
24   DE1   33   52  0.7 0.09137058
25   DE1  -53   63  0.5 0.07781045
26   DE1  -31  -11  0.9 0.06748822
27   DE1  -18    6  0.6 0.04615727
28   DE1   15    8  0.6 0.07546961
29   DE1  -80   -4  0.7 0.07273895
30   DE1   -3    2  0.7 0.07327490
31   DE1    2  -17  0.7 0.07664237
32   DE1    0   60  0.1 0.07674124
33   DE1   13   80  0.1 0.08734620
34   DE1  -31  -19  0.9 0.06748819
35   DE1   25   68  0.1 0.07504381
36   DE1   51   20  0.1 0.04966363
37   DE1  -36   12  0.4 0.04648167
38   DE1  -14    3  0.8 0.07463465
39   DE1  -25   11  0.7 0.05071477
40   DE1  -16   16  0.9 0.08185602
41   DE1   -5  -18  0.5 0.04724077
42   DE1   28   80  0.1 0.08166963
43   DE1   11   47  0.1 0.06523204
44   DE1   -3  -14  0.1 0.03741901
45   DE1   14   33  0.1 0.05350660
46   DE1  -21   48  0.4 0.06215767
47   DE1    1   48  0.4 0.05483390
48   DE1   50   26  0.1 0.04847378
49   DE1   32   74  0.3 0.06219975
50   DE1   27   23  0.1 0.03842326
51   DE1  -30    1  0.2 0.06135854
52   DE1   17   15  0.3 0.04091319
53   DE1  -15   37  0.4 0.05119166
54   DE1   12   62  0.1 0.07485254
55   DE1  -42   36  0.8 0.03829780
56   DE1   -5   80  0.1 0.09106876
57   DE1   28    9  0.1 0.03031126
58   DE1    1  -15  0.4 0.03915977
59   DE1  -44  -53  0.7 0.08149851
60   DE1  -80    2  0.7 0.07416380
61   DE1   37   33  0.1 0.03705127
62   DE1  -61  -31  0.9 0.05595313
63   DE1    2   19  0.1 0.05208644
64   DE1   53   27  0.3 0.07330500
65   DE1  -57   16  0.7 0.04196283
66   DE1   21   42  0.4 0.05799038
67   DE1  -48  -43  0.4 0.06972474
68   DE1  -32  -39  0.4 0.06511262
69   DE1  -42   34  0.9 0.04742990
70   DE1   22   80  0.1 0.08440174
71   DE1  -47   15  0.9 0.03354093
72   DE1   34   -4  0.2 0.04381031
73   DE1  -10   19  0.8 0.07764613
74   DE1  -23   47  0.8 0.06604251
75   DE1   15  -31  0.3 0.05595312
76   DE1  -70  -66  0.8 0.09794262
77   DE1  -42   -6  0.7 0.02703228
78   DE1  -61   20  0.7 0.04724499
79   DE1   29  -18  0.1 0.04102181
80   DE1  -16    0  0.8 0.07296767
81   DE1   56   35  0.1 0.05579103
82   DE1  -32   32  0.9 0.06612244
83   DE1   40   27  0.4 0.07254780
84   DE1   -3   37  0.4 0.04610624
85   DE1  -80   33  0.8 0.07463905
86   DE1   -6   22  0.1 0.05709935
87   DE1   30    9  0.1 0.02856334
88   DE1   -5    1  0.4 0.03241545
89   DE1  -56   21  0.9 0.03167941
90   DE1   27   44  0.4 0.06282694
91   DE1  -54   40  0.4 0.07213499
92   DE1  -75   37  0.8 0.06628417
93   DE1   27  -18  0.1 0.04102181
94   DE1    0    0  0.2 0.03660184
95   DE1  -25  -22  0.9 0.07440563
96   DE1   26   29  0.1 0.04280678
97   DE1   56   22  0.1 0.05579103
98   DE1   47   19  0.1 0.04496838
99   DE1   14   42  0.4 0.05194232
100  DE1  -61   17  0.4 0.06927896
101  DE1   45   26  0.1 0.04268166
102  DE1  -16   38  0.6 0.04873343
103  DE1   43   42  0.1 0.04147376
104  DE1  -27  -39  0.6 0.06511262
105  DE1  -40   30  0.7 0.03786023
106  DE1   36   -1  0.1 0.03283309
107  DE1    9   55  0.3 0.06303141
108  DE1  -45  -13  0.4 0.04108569
109  DE1  -60   30  0.7 0.05072900
110  DE1  -24   27  0.5 0.04080219
111  DE1  -57  -37  0.4 0.06281767
112  DE1   40   32  0.4 0.07254780
113  DE1  -41  -18  0.9 0.04981264
114  DE1  -37    4  0.4 0.04330502
115  DE1   22   80  0.1 0.08440174
116  DE1    1   51  0.7 0.07600236
117  DE1   17   46  0.4 0.05459457
118  DE1  -54   69  0.5 0.08203105
119  DE1   39   77  0.1 0.07157575
120  DE1   59   17  0.1 0.05962713
121  DE1   62   45  0.1 0.06360181
122  DE1  -66    3  0.5 0.06188796
123  DE1  -65   33  0.9 0.04610657
124  DE1   30  -32  0.1 0.05709635
125  DE1  -43   14  0.8 0.03010701
126  DE1  -40   32  0.5 0.05196247
127  DE1   -7   41  0.4 0.05141228
128  DE1   43  -19  0.1 0.04217810
129  DE1  -22    1  0.5 0.02676120
130  DE1  -26   45  0.6 0.05119338
131  DE1   -7   36  0.6 0.05867087
132  DE1  -36    9  0.4 0.04509062
133  DE1   52   80  0.1 0.05086479
134  DE1  -74   36  0.8 0.06431657
135  DE1  -65   23  0.9 0.04087426
136  DE1   -6  -33  0.5 0.05823964
137  DE1   50    5  0.1 0.04847377
138  DE1  -18  -22  0.4 0.04563771
139  DE1  -72   -4  0.7 0.05458224
140  DE1   -3   35  0.8 0.08208027
141  DE1   43   20  0.1 0.04043251
142  DE1  -16    2  0.5 0.03379574
143  DE1  -58   69  0.5 0.08311550
144  DE1   -4   19  0.2 0.04820424
145  DE1   -5    0  0.4 0.03241545
146  DE1    2   38  0.5 0.05429336
147  DE1  -43   22  0.9 0.04490067
148  DE1   29   -3  0.1 0.02563129
149  DE1   42    4  0.2 0.05188098
150  DE1   37   -7  0.4 0.07037238
151  DE1   30  -17  0.1 0.03986384
152  DE1  -53   19  0.9 0.02844213
153  DE1  -29   50  0.5 0.06143752
154  DE1    6   -8  0.6 0.06953173
155  DE1  -41   18  0.9 0.04981261
156  DE1   -6   21  0.3 0.04314033
157  DE1   57   35  0.1 0.05705537
158  DE1   43  -25  0.1 0.04908462
159  DE1   37    7  0.1 0.03389393
160  DE1  -26   41  0.8 0.06242360
161  DE1  -13   40  0.4 0.05291243
162  DE1   -3   45  0.6 0.06237655
163  DE1   17   79  0.1 0.08536968
164  DE1   52   29  0.2 0.06220712
165  DE1    8    7  0.1 0.04316608
166  DE1   40   -1  0.1 0.03712532
167  DE1  -80  -44  0.7 0.07088402
168  DE1  -10   35  0.5 0.04152835
169  DE1  -27  -10  0.6 0.03246322
170  DE1  -51  -49  0.6 0.07673357
171  DE1   28   40  0.5 0.07408767
172  DE1  -80   32  0.8 0.07440258
173  DE1  -27   33  0.7 0.04767290
174  DE1  -67   19  0.7 0.05366008
175  DE1   -5   48  0.4 0.05686799
176  DE1  -58   45  0.8 0.05479534
177  DE1   14   -5  0.3 0.03794771
178  DE1  -69   -2  0.8 0.04343900
179  DE1  -22   -1  0.4 0.03282391
180  DE1   42   21  0.2 0.05188099
181  DE1    7   14  0.1 0.04717078
182  DE1  -41   30  0.5 0.05102974
183  DE1    8  -28  0.2 0.05252186
184  DE1  -24   -3  0.3 0.03999184
185  DE1  -47  -30  0.9 0.05480976
186  DE1    2    7  0.6 0.06652972
187  DE1  -44   -4  0.8 0.02799989
188  DE1   17   37  0.1 0.05499549
189  DE1   25  -18  0.1 0.04102182
190  DE1   -9   44  0.5 0.04945721
191  DE1  -63  -34  0.7 0.05938330
192  DE1   45   56  0.1 0.05257627
193  DE1   43   -5  0.2 0.05289808
194  DE1   35   -6  0.1 0.03178027
195  DE1  -45  -23  0.8 0.04678797
196  DE1  -27  -13  0.4 0.03521558
197  DE1  -14   30  0.2 0.05798770
198  DE1    6  -38  0.3 0.06396443
199  DE1   39   38  0.1 0.04044149
200  DE1   -7  -15  0.3 0.03754297
 [ reached 'max' / getOption("max.print") -- omitted 10303 rows ]

	Shapiro-Wilk normality test

data:  dtde1[[vardata]]
W = 0.78685, p-value < 2.2e-16


	Shapiro-Wilk normality test

data:  dtde2[[vardata]]
W = 0.45848, p-value < 2.2e-16


	Shapiro-Wilk normality test

data:  dtde3[[vardata]]
W = 0.79525, p-value < 2.2e-16


	Shapiro-Wilk normality test

data:  dtde4[[vardata]]
W = 0.45848, p-value < 2.2e-16

Levene's Test for Homogeneity of Variance (center = median)
         Df F value    Pr(>F)    
group     3  286.04 < 2.2e-16 ***
      10499                      
---
Signif. codes:  0 ‘***’ 0.001 ‘**’ 0.01 ‘*’ 0.05 ‘.’ 0.1 ‘ ’ 1

	Kruskal-Wallis rank sum test

data:  alfa by algo
Kruskal-Wallis chi-squared = 2065.7, df = 3, p-value < 2.2e-16

Dunn (1964) Kruskal-Wallis multiple comparison
  p-values adjusted with the Benjamini-Hochberg method.

  Comparison         Z       P.unadj         P.adj
1  DE1 - DE2  37.72598  0.000000e+00  0.000000e+00
2  DE1 - DE3  12.66656  9.060557e-37  1.087267e-36
3  DE2 - DE3 -23.39171 5.189751e-121 7.784626e-121
4  DE1 - DE4  37.72598  0.000000e+00  0.000000e+00
5  DE2 - DE4   0.00000  1.000000e+00  1.000000e+00
6  DE3 - DE4  23.39171 5.189751e-121 1.037950e-120
  Group Letter MonoLetter
1   DE1      a        a  
2   DE2      b         b 
3   DE3      c          c
4   DE4      b         b 
